{"/home/gvsr/code/zapper/src/constants.ts": {"path":"/home/gvsr/code/zapper/src/constants.ts","all":false,"statementMap":{"0":{"start":{"line":1,"column":0},"end":{"line":1,"column":80}},"1":{"start":{"line":2,"column":0},"end":{"line":2,"column":72}},"2":{"start":{"line":3,"column":0},"end":{"line":3,"column":80}},"3":{"start":{"line":4,"column":0},"end":{"line":4,"column":0}},"4":{"start":{"line":5,"column":0},"end":{"line":5,"column":81}},"5":{"start":{"line":6,"column":0},"end":{"line":6,"column":40}},"6":{"start":{"line":7,"column":0},"end":{"line":7,"column":0}},"7":{"start":{"line":8,"column":0},"end":{"line":8,"column":81}},"8":{"start":{"line":9,"column":0},"end":{"line":9,"column":57}},"9":{"start":{"line":10,"column":0},"end":{"line":10,"column":79}},"10":{"start":{"line":11,"column":0},"end":{"line":11,"column":40}},"11":{"start":{"line":12,"column":0},"end":{"line":12,"column":0}},"12":{"start":{"line":13,"column":0},"end":{"line":13,"column":81}},"13":{"start":{"line":14,"column":0},"end":{"line":14,"column":43}},"14":{"start":{"line":15,"column":0},"end":{"line":15,"column":43}},"15":{"start":{"line":16,"column":0},"end":{"line":16,"column":43}},"16":{"start":{"line":17,"column":0},"end":{"line":17,"column":42}},"17":{"start":{"line":18,"column":0},"end":{"line":18,"column":49}},"18":{"start":{"line":19,"column":0},"end":{"line":19,"column":48}},"19":{"start":{"line":20,"column":0},"end":{"line":20,"column":0}},"20":{"start":{"line":21,"column":0},"end":{"line":21,"column":81}},"21":{"start":{"line":22,"column":0},"end":{"line":22,"column":42}},"22":{"start":{"line":23,"column":0},"end":{"line":23,"column":38}},"23":{"start":{"line":24,"column":0},"end":{"line":24,"column":0}},"24":{"start":{"line":25,"column":0},"end":{"line":25,"column":81}},"25":{"start":{"line":26,"column":0},"end":{"line":26,"column":41}},"26":{"start":{"line":27,"column":0},"end":{"line":27,"column":0}},"27":{"start":{"line":28,"column":0},"end":{"line":28,"column":44}},"28":{"start":{"line":29,"column":0},"end":{"line":29,"column":60}},"29":{"start":{"line":30,"column":0},"end":{"line":30,"column":76}},"30":{"start":{"line":31,"column":0},"end":{"line":31,"column":1}},"31":{"start":{"line":32,"column":0},"end":{"line":32,"column":0}},"32":{"start":{"line":33,"column":0},"end":{"line":33,"column":81}},"33":{"start":{"line":34,"column":0},"end":{"line":34,"column":72}},"34":{"start":{"line":35,"column":0},"end":{"line":35,"column":44}},"35":{"start":{"line":36,"column":0},"end":{"line":36,"column":0}},"36":{"start":{"line":37,"column":0},"end":{"line":37,"column":81}},"37":{"start":{"line":38,"column":0},"end":{"line":38,"column":68}},"38":{"start":{"line":39,"column":0},"end":{"line":39,"column":62}},"39":{"start":{"line":40,"column":0},"end":{"line":40,"column":93}},"40":{"start":{"line":41,"column":0},"end":{"line":41,"column":0}},"41":{"start":{"line":42,"column":0},"end":{"line":42,"column":81}},"42":{"start":{"line":43,"column":0},"end":{"line":43,"column":65}},"43":{"start":{"line":44,"column":0},"end":{"line":44,"column":55}},"44":{"start":{"line":45,"column":0},"end":{"line":45,"column":58}},"45":{"start":{"line":46,"column":0},"end":{"line":46,"column":0}},"46":{"start":{"line":47,"column":0},"end":{"line":47,"column":80}},"47":{"start":{"line":48,"column":0},"end":{"line":48,"column":43}},"48":{"start":{"line":49,"column":0},"end":{"line":49,"column":43}},"49":{"start":{"line":50,"column":0},"end":{"line":50,"column":0}},"50":{"start":{"line":51,"column":0},"end":{"line":51,"column":81}},"51":{"start":{"line":52,"column":0},"end":{"line":52,"column":83}},"52":{"start":{"line":53,"column":0},"end":{"line":53,"column":51}},"53":{"start":{"line":54,"column":0},"end":{"line":54,"column":36}},"54":{"start":{"line":55,"column":0},"end":{"line":55,"column":0}},"55":{"start":{"line":56,"column":0},"end":{"line":56,"column":63}},"56":{"start":{"line":57,"column":0},"end":{"line":57,"column":76}},"57":{"start":{"line":58,"column":0},"end":{"line":58,"column":0}},"58":{"start":{"line":59,"column":0},"end":{"line":59,"column":24}},"59":{"start":{"line":60,"column":0},"end":{"line":60,"column":23}},"60":{"start":{"line":61,"column":0},"end":{"line":61,"column":0}},"61":{"start":{"line":62,"column":0},"end":{"line":62,"column":25}},"62":{"start":{"line":63,"column":0},"end":{"line":63,"column":91}},"63":{"start":{"line":64,"column":0},"end":{"line":64,"column":5}},"64":{"start":{"line":65,"column":0},"end":{"line":65,"column":0}},"65":{"start":{"line":66,"column":0},"end":{"line":66,"column":19}},"66":{"start":{"line":67,"column":0},"end":{"line":67,"column":0}},"67":{"start":{"line":68,"column":0},"end":{"line":68,"column":25}},"68":{"start":{"line":69,"column":0},"end":{"line":69,"column":78}},"69":{"start":{"line":70,"column":0},"end":{"line":70,"column":75}},"70":{"start":{"line":71,"column":0},"end":{"line":71,"column":80}},"71":{"start":{"line":72,"column":0},"end":{"line":72,"column":47}},"72":{"start":{"line":73,"column":0},"end":{"line":73,"column":144}},"73":{"start":{"line":74,"column":0},"end":{"line":74,"column":1}},"74":{"start":{"line":75,"column":0},"end":{"line":75,"column":0}},"75":{"start":{"line":76,"column":0},"end":{"line":76,"column":81}},"76":{"start":{"line":77,"column":0},"end":{"line":77,"column":57}},"77":{"start":{"line":78,"column":0},"end":{"line":78,"column":0}},"78":{"start":{"line":79,"column":0},"end":{"line":79,"column":81}},"79":{"start":{"line":80,"column":0},"end":{"line":80,"column":165}},"80":{"start":{"line":81,"column":0},"end":{"line":81,"column":398}},"81":{"start":{"line":82,"column":0},"end":{"line":82,"column":126}},"82":{"start":{"line":83,"column":0},"end":{"line":83,"column":0}},"83":{"start":{"line":84,"column":0},"end":{"line":84,"column":81}},"84":{"start":{"line":85,"column":0},"end":{"line":85,"column":38}},"85":{"start":{"line":86,"column":0},"end":{"line":86,"column":45}}},"s":{"0":1,"1":1,"2":1,"3":1,"4":1,"5":1,"6":1,"7":1,"8":1,"9":1,"10":1,"11":1,"12":1,"13":1,"14":1,"15":1,"16":1,"17":1,"18":1,"19":1,"20":1,"21":1,"22":1,"23":1,"24":1,"25":1,"26":1,"27":10,"28":10,"29":10,"30":10,"31":1,"32":1,"33":1,"34":1,"35":1,"36":1,"37":1,"38":1,"39":1,"40":1,"41":1,"42":1,"43":1,"44":1,"45":1,"46":1,"47":1,"48":1,"49":1,"50":1,"51":1,"52":1,"53":1,"54":1,"55":10,"56":10,"57":10,"58":10,"59":8,"60":8,"61":8,"62":8,"63":8,"64":2,"65":2,"66":2,"67":2,"68":2,"69":2,"70":2,"71":2,"72":2,"73":2,"74":1,"75":1,"76":1,"77":1,"78":1,"79":1,"80":1,"81":1,"82":1,"83":1,"84":1,"85":1},"branchMap":{"0":{"type":"branch","line":10,"loc":{"start":{"line":10,"column":4},"end":{"line":10,"column":79}},"locations":[{"start":{"line":10,"column":4},"end":{"line":10,"column":79}}]},"1":{"type":"branch","line":11,"loc":{"start":{"line":11,"column":4},"end":{"line":11,"column":39}},"locations":[{"start":{"line":11,"column":4},"end":{"line":11,"column":39}}]},"2":{"type":"branch","line":28,"loc":{"start":{"line":28,"column":0},"end":{"line":31,"column":1}},"locations":[{"start":{"line":28,"column":0},"end":{"line":31,"column":1}}]},"3":{"type":"branch","line":29,"loc":{"start":{"line":29,"column":52},"end":{"line":29,"column":58}},"locations":[{"start":{"line":29,"column":52},"end":{"line":29,"column":58}}]},"4":{"type":"branch","line":30,"loc":{"start":{"line":30,"column":31},"end":{"line":30,"column":43}},"locations":[{"start":{"line":30,"column":31},"end":{"line":30,"column":43}}]},"5":{"type":"branch","line":30,"loc":{"start":{"line":30,"column":44},"end":{"line":30,"column":49}},"locations":[{"start":{"line":30,"column":44},"end":{"line":30,"column":49}}]},"6":{"type":"branch","line":30,"loc":{"start":{"line":30,"column":50},"end":{"line":30,"column":75}},"locations":[{"start":{"line":30,"column":50},"end":{"line":30,"column":75}}]},"7":{"type":"branch","line":56,"loc":{"start":{"line":56,"column":0},"end":{"line":74,"column":1}},"locations":[{"start":{"line":56,"column":0},"end":{"line":74,"column":1}}]},"8":{"type":"branch","line":57,"loc":{"start":{"line":57,"column":42},"end":{"line":57,"column":48}},"locations":[{"start":{"line":57,"column":42},"end":{"line":57,"column":48}}]},"9":{"type":"branch","line":57,"loc":{"start":{"line":57,"column":50},"end":{"line":57,"column":75}},"locations":[{"start":{"line":57,"column":50},"end":{"line":57,"column":75}}]},"10":{"type":"branch","line":59,"loc":{"start":{"line":59,"column":23},"end":{"line":74,"column":1}},"locations":[{"start":{"line":59,"column":23},"end":{"line":74,"column":1}}]},"11":{"type":"branch","line":65,"loc":{"start":{"line":65,"column":-1},"end":{"line":74,"column":1}},"locations":[{"start":{"line":65,"column":-1},"end":{"line":74,"column":1}}]}},"b":{"0":[1],"1":[22],"2":[10],"3":[7],"4":[2],"5":[1],"6":[9],"7":[10],"8":[2],"9":[8],"10":[8],"11":[2]},"fnMap":{"0":{"name":"getMaxDraftParts","decl":{"start":{"line":28,"column":0},"end":{"line":31,"column":1}},"loc":{"start":{"line":28,"column":0},"end":{"line":31,"column":1}},"line":28},"1":{"name":"getSystemPrompt","decl":{"start":{"line":56,"column":0},"end":{"line":74,"column":1}},"loc":{"start":{"line":56,"column":0},"end":{"line":74,"column":1}},"line":56}},"f":{"0":10,"1":10}}
,"/home/gvsr/code/zapper/src/debug.ts": {"path":"/home/gvsr/code/zapper/src/debug.ts","all":false,"statementMap":{"0":{"start":{"line":1,"column":0},"end":{"line":1,"column":80}},"1":{"start":{"line":2,"column":0},"end":{"line":2,"column":40}},"2":{"start":{"line":3,"column":0},"end":{"line":3,"column":50}},"3":{"start":{"line":4,"column":0},"end":{"line":4,"column":80}},"4":{"start":{"line":5,"column":0},"end":{"line":5,"column":26}},"5":{"start":{"line":6,"column":0},"end":{"line":6,"column":0}},"6":{"start":{"line":7,"column":0},"end":{"line":7,"column":50}},"7":{"start":{"line":8,"column":0},"end":{"line":8,"column":0}},"8":{"start":{"line":9,"column":0},"end":{"line":9,"column":35}},"9":{"start":{"line":10,"column":0},"end":{"line":10,"column":35}},"10":{"start":{"line":11,"column":0},"end":{"line":11,"column":0}},"11":{"start":{"line":12,"column":0},"end":{"line":12,"column":66}},"12":{"start":{"line":13,"column":0},"end":{"line":13,"column":23}},"13":{"start":{"line":14,"column":0},"end":{"line":14,"column":0}},"14":{"start":{"line":15,"column":0},"end":{"line":15,"column":78}},"15":{"start":{"line":16,"column":0},"end":{"line":16,"column":40}},"16":{"start":{"line":17,"column":0},"end":{"line":17,"column":38}},"17":{"start":{"line":18,"column":0},"end":{"line":18,"column":47}},"18":{"start":{"line":19,"column":0},"end":{"line":19,"column":1}},"19":{"start":{"line":20,"column":0},"end":{"line":20,"column":0}},"20":{"start":{"line":21,"column":0},"end":{"line":21,"column":28}},"21":{"start":{"line":22,"column":0},"end":{"line":22,"column":21}},"22":{"start":{"line":23,"column":0},"end":{"line":23,"column":18}},"23":{"start":{"line":24,"column":0},"end":{"line":24,"column":25}},"24":{"start":{"line":25,"column":0},"end":{"line":25,"column":29}},"25":{"start":{"line":26,"column":0},"end":{"line":26,"column":20}},"26":{"start":{"line":27,"column":0},"end":{"line":27,"column":9}},"27":{"start":{"line":28,"column":0},"end":{"line":28,"column":23}},"28":{"start":{"line":29,"column":0},"end":{"line":29,"column":0}},"29":{"start":{"line":30,"column":0},"end":{"line":30,"column":90}},"30":{"start":{"line":31,"column":0},"end":{"line":31,"column":41}},"31":{"start":{"line":32,"column":0},"end":{"line":32,"column":0}},"32":{"start":{"line":33,"column":0},"end":{"line":33,"column":74}},"33":{"start":{"line":34,"column":0},"end":{"line":34,"column":71}},"34":{"start":{"line":35,"column":0},"end":{"line":35,"column":82}},"35":{"start":{"line":36,"column":0},"end":{"line":36,"column":0}},"36":{"start":{"line":37,"column":0},"end":{"line":37,"column":37}},"37":{"start":{"line":38,"column":0},"end":{"line":38,"column":60}},"38":{"start":{"line":39,"column":0},"end":{"line":39,"column":85}},"39":{"start":{"line":40,"column":0},"end":{"line":40,"column":0}},"40":{"start":{"line":41,"column":0},"end":{"line":41,"column":37}},"41":{"start":{"line":42,"column":0},"end":{"line":42,"column":66}},"42":{"start":{"line":43,"column":0},"end":{"line":43,"column":88}},"43":{"start":{"line":44,"column":0},"end":{"line":44,"column":0}},"44":{"start":{"line":45,"column":0},"end":{"line":45,"column":48}},"45":{"start":{"line":46,"column":0},"end":{"line":46,"column":1}},"46":{"start":{"line":47,"column":0},"end":{"line":47,"column":0}},"47":{"start":{"line":48,"column":0},"end":{"line":48,"column":85}},"48":{"start":{"line":49,"column":0},"end":{"line":49,"column":23}},"49":{"start":{"line":50,"column":0},"end":{"line":50,"column":0}},"50":{"start":{"line":51,"column":0},"end":{"line":51,"column":92}},"51":{"start":{"line":52,"column":0},"end":{"line":52,"column":42}},"52":{"start":{"line":53,"column":0},"end":{"line":53,"column":0}},"53":{"start":{"line":54,"column":0},"end":{"line":54,"column":59}},"54":{"start":{"line":55,"column":0},"end":{"line":55,"column":75}},"55":{"start":{"line":56,"column":0},"end":{"line":56,"column":0}},"56":{"start":{"line":57,"column":0},"end":{"line":57,"column":38}},"57":{"start":{"line":58,"column":0},"end":{"line":58,"column":77}},"58":{"start":{"line":59,"column":0},"end":{"line":59,"column":29}},"59":{"start":{"line":60,"column":0},"end":{"line":60,"column":53}},"60":{"start":{"line":61,"column":0},"end":{"line":61,"column":77}},"61":{"start":{"line":62,"column":0},"end":{"line":62,"column":7}},"62":{"start":{"line":63,"column":0},"end":{"line":63,"column":0}},"63":{"start":{"line":64,"column":0},"end":{"line":64,"column":49}},"64":{"start":{"line":65,"column":0},"end":{"line":65,"column":1}},"65":{"start":{"line":66,"column":0},"end":{"line":66,"column":0}},"66":{"start":{"line":67,"column":0},"end":{"line":67,"column":35}},"67":{"start":{"line":68,"column":0},"end":{"line":68,"column":21}},"68":{"start":{"line":69,"column":0},"end":{"line":69,"column":18}},"69":{"start":{"line":70,"column":0},"end":{"line":70,"column":22}},"70":{"start":{"line":71,"column":0},"end":{"line":71,"column":21}},"71":{"start":{"line":72,"column":0},"end":{"line":72,"column":19}},"72":{"start":{"line":73,"column":0},"end":{"line":73,"column":23}},"73":{"start":{"line":74,"column":0},"end":{"line":74,"column":9}},"74":{"start":{"line":75,"column":0},"end":{"line":75,"column":23}},"75":{"start":{"line":76,"column":0},"end":{"line":76,"column":0}},"76":{"start":{"line":77,"column":0},"end":{"line":77,"column":95}},"77":{"start":{"line":78,"column":0},"end":{"line":78,"column":43}},"78":{"start":{"line":79,"column":0},"end":{"line":79,"column":0}},"79":{"start":{"line":80,"column":0},"end":{"line":80,"column":75}},"80":{"start":{"line":81,"column":0},"end":{"line":81,"column":72}},"81":{"start":{"line":82,"column":0},"end":{"line":82,"column":76}},"82":{"start":{"line":83,"column":0},"end":{"line":83,"column":75}},"83":{"start":{"line":84,"column":0},"end":{"line":84,"column":0}},"84":{"start":{"line":85,"column":0},"end":{"line":85,"column":39}},"85":{"start":{"line":86,"column":0},"end":{"line":86,"column":63}},"86":{"start":{"line":87,"column":0},"end":{"line":87,"column":80}},"87":{"start":{"line":88,"column":0},"end":{"line":88,"column":0}},"88":{"start":{"line":89,"column":0},"end":{"line":89,"column":39}},"89":{"start":{"line":90,"column":0},"end":{"line":90,"column":64}},"90":{"start":{"line":91,"column":0},"end":{"line":91,"column":83}},"91":{"start":{"line":92,"column":0},"end":{"line":92,"column":0}},"92":{"start":{"line":93,"column":0},"end":{"line":93,"column":50}},"93":{"start":{"line":94,"column":0},"end":{"line":94,"column":1}}},"s":{"0":1,"1":1,"2":1,"3":1,"4":1,"5":1,"6":1,"7":1,"8":1,"9":1,"10":1,"11":2,"12":2,"13":1,"14":1,"15":1,"16":1,"17":1,"18":1,"19":1,"20":8,"21":8,"22":8,"23":8,"24":8,"25":8,"26":8,"27":8,"28":1,"29":1,"30":1,"31":1,"32":1,"33":1,"34":1,"35":1,"36":1,"37":1,"38":1,"39":1,"40":1,"41":1,"42":1,"43":1,"44":1,"45":1,"46":1,"47":8,"48":8,"49":1,"50":1,"51":1,"52":1,"53":1,"54":1,"55":1,"56":1,"57":1,"58":1,"59":1,"60":1,"61":1,"62":1,"63":1,"64":1,"65":1,"66":4,"67":4,"68":4,"69":4,"70":4,"71":4,"72":4,"73":4,"74":4,"75":1,"76":1,"77":1,"78":1,"79":1,"80":1,"81":1,"82":1,"83":1,"84":1,"85":1,"86":1,"87":1,"88":1,"89":1,"90":1,"91":1,"92":1,"93":1},"branchMap":{"0":{"type":"branch","line":12,"loc":{"start":{"line":12,"column":0},"end":{"line":19,"column":1}},"locations":[{"start":{"line":12,"column":0},"end":{"line":19,"column":1}}]},"1":{"type":"branch","line":13,"loc":{"start":{"line":13,"column":16},"end":{"line":19,"column":1}},"locations":[{"start":{"line":13,"column":16},"end":{"line":19,"column":1}}]},"2":{"type":"branch","line":21,"loc":{"start":{"line":21,"column":0},"end":{"line":46,"column":1}},"locations":[{"start":{"line":21,"column":0},"end":{"line":46,"column":1}}]},"3":{"type":"branch","line":28,"loc":{"start":{"line":28,"column":16},"end":{"line":28,"column":23}},"locations":[{"start":{"line":28,"column":16},"end":{"line":28,"column":23}}]},"4":{"type":"branch","line":29,"loc":{"start":{"line":29,"column":-1},"end":{"line":46,"column":1}},"locations":[{"start":{"line":29,"column":-1},"end":{"line":46,"column":1}}]},"5":{"type":"branch","line":39,"loc":{"start":{"line":39,"column":37},"end":{"line":39,"column":83}},"locations":[{"start":{"line":39,"column":37},"end":{"line":39,"column":83}}]},"6":{"type":"branch","line":43,"loc":{"start":{"line":43,"column":41},"end":{"line":43,"column":86}},"locations":[{"start":{"line":43,"column":41},"end":{"line":43,"column":86}}]},"7":{"type":"branch","line":48,"loc":{"start":{"line":48,"column":0},"end":{"line":65,"column":1}},"locations":[{"start":{"line":48,"column":0},"end":{"line":65,"column":1}}]},"8":{"type":"branch","line":49,"loc":{"start":{"line":49,"column":16},"end":{"line":49,"column":23}},"locations":[{"start":{"line":49,"column":16},"end":{"line":49,"column":23}}]},"9":{"type":"branch","line":50,"loc":{"start":{"line":50,"column":-1},"end":{"line":65,"column":1}},"locations":[{"start":{"line":50,"column":-1},"end":{"line":65,"column":1}}]},"10":{"type":"branch","line":55,"loc":{"start":{"line":55,"column":28},"end":{"line":55,"column":73}},"locations":[{"start":{"line":55,"column":28},"end":{"line":55,"column":73}}]},"11":{"type":"branch","line":59,"loc":{"start":{"line":59,"column":18},"end":{"line":62,"column":5}},"locations":[{"start":{"line":59,"column":18},"end":{"line":62,"column":5}}]},"12":{"type":"branch","line":61,"loc":{"start":{"line":61,"column":30},"end":{"line":61,"column":75}},"locations":[{"start":{"line":61,"column":30},"end":{"line":61,"column":75}}]},"13":{"type":"branch","line":67,"loc":{"start":{"line":67,"column":0},"end":{"line":94,"column":1}},"locations":[{"start":{"line":67,"column":0},"end":{"line":94,"column":1}}]},"14":{"type":"branch","line":75,"loc":{"start":{"line":75,"column":16},"end":{"line":75,"column":23}},"locations":[{"start":{"line":75,"column":16},"end":{"line":75,"column":23}}]},"15":{"type":"branch","line":76,"loc":{"start":{"line":76,"column":-1},"end":{"line":94,"column":1}},"locations":[{"start":{"line":76,"column":-1},"end":{"line":94,"column":1}}]},"16":{"type":"branch","line":87,"loc":{"start":{"line":87,"column":31},"end":{"line":87,"column":78}},"locations":[{"start":{"line":87,"column":31},"end":{"line":87,"column":78}}]},"17":{"type":"branch","line":91,"loc":{"start":{"line":91,"column":36},"end":{"line":91,"column":81}},"locations":[{"start":{"line":91,"column":36},"end":{"line":91,"column":81}}]}},"b":{"0":[2],"1":[1],"2":[8],"3":[7],"4":[1],"5":[2],"6":[2],"7":[8],"8":[7],"9":[1],"10":[2],"11":[1],"12":[2],"13":[4],"14":[3],"15":[1],"16":[2],"17":[2]},"fnMap":{"0":{"name":"debugLog","decl":{"start":{"line":12,"column":0},"end":{"line":19,"column":1}},"loc":{"start":{"line":12,"column":0},"end":{"line":19,"column":1}},"line":12},"1":{"name":"debugPrompt","decl":{"start":{"line":21,"column":0},"end":{"line":46,"column":1}},"loc":{"start":{"line":21,"column":0},"end":{"line":46,"column":1}},"line":21},"2":{"name":"debugResponse","decl":{"start":{"line":48,"column":0},"end":{"line":65,"column":1}},"loc":{"start":{"line":48,"column":0},"end":{"line":65,"column":1}},"line":48},"3":{"name":"debugImageAnalysis","decl":{"start":{"line":67,"column":0},"end":{"line":94,"column":1}},"loc":{"start":{"line":67,"column":0},"end":{"line":94,"column":1}},"line":67}},"f":{"0":2,"1":8,"2":8,"3":4}}
,"/home/gvsr/code/zapper/src/server.ts": {"path":"/home/gvsr/code/zapper/src/server.ts","all":false,"statementMap":{"0":{"start":{"line":1,"column":0},"end":{"line":1,"column":30}},"1":{"start":{"line":2,"column":0},"end":{"line":2,"column":66}},"2":{"start":{"line":3,"column":0},"end":{"line":3,"column":47}},"3":{"start":{"line":4,"column":0},"end":{"line":4,"column":24}},"4":{"start":{"line":5,"column":0},"end":{"line":5,"column":0}},"5":{"start":{"line":6,"column":0},"end":{"line":6,"column":86}},"6":{"start":{"line":7,"column":0},"end":{"line":7,"column":26}},"7":{"start":{"line":8,"column":0},"end":{"line":8,"column":45}},"8":{"start":{"line":9,"column":0},"end":{"line":9,"column":0}},"9":{"start":{"line":10,"column":0},"end":{"line":10,"column":32}},"10":{"start":{"line":11,"column":0},"end":{"line":11,"column":56}},"11":{"start":{"line":12,"column":0},"end":{"line":12,"column":13}},"12":{"start":{"line":13,"column":0},"end":{"line":13,"column":51}},"13":{"start":{"line":14,"column":0},"end":{"line":14,"column":55}},"14":{"start":{"line":15,"column":0},"end":{"line":15,"column":50}},"15":{"start":{"line":16,"column":0},"end":{"line":16,"column":33}},"16":{"start":{"line":17,"column":0},"end":{"line":17,"column":49}},"17":{"start":{"line":18,"column":0},"end":{"line":18,"column":52}},"18":{"start":{"line":19,"column":0},"end":{"line":19,"column":30}},"19":{"start":{"line":20,"column":0},"end":{"line":20,"column":28}},"20":{"start":{"line":21,"column":0},"end":{"line":21,"column":57}},"21":{"start":{"line":22,"column":0},"end":{"line":22,"column":9}},"22":{"start":{"line":23,"column":0},"end":{"line":23,"column":7}},"23":{"start":{"line":24,"column":0},"end":{"line":24,"column":0}},"24":{"start":{"line":25,"column":0},"end":{"line":25,"column":33}},"25":{"start":{"line":26,"column":0},"end":{"line":26,"column":63}},"26":{"start":{"line":27,"column":0},"end":{"line":27,"column":13}},"27":{"start":{"line":28,"column":0},"end":{"line":28,"column":70}},"28":{"start":{"line":29,"column":0},"end":{"line":29,"column":28}},"29":{"start":{"line":30,"column":0},"end":{"line":30,"column":28}},"30":{"start":{"line":31,"column":0},"end":{"line":31,"column":57}},"31":{"start":{"line":32,"column":0},"end":{"line":32,"column":9}},"32":{"start":{"line":33,"column":0},"end":{"line":33,"column":7}},"33":{"start":{"line":34,"column":0},"end":{"line":34,"column":0}},"34":{"start":{"line":35,"column":0},"end":{"line":35,"column":34}},"35":{"start":{"line":36,"column":0},"end":{"line":36,"column":73}},"36":{"start":{"line":37,"column":0},"end":{"line":37,"column":13}},"37":{"start":{"line":38,"column":0},"end":{"line":38,"column":108}},"38":{"start":{"line":39,"column":0},"end":{"line":39,"column":0}},"39":{"start":{"line":40,"column":0},"end":{"line":40,"column":55}},"40":{"start":{"line":41,"column":0},"end":{"line":41,"column":103}},"41":{"start":{"line":42,"column":0},"end":{"line":42,"column":23}},"42":{"start":{"line":43,"column":0},"end":{"line":43,"column":13}},"43":{"start":{"line":44,"column":0},"end":{"line":44,"column":0}},"44":{"start":{"line":45,"column":0},"end":{"line":45,"column":34}},"45":{"start":{"line":46,"column":0},"end":{"line":46,"column":19}},"46":{"start":{"line":47,"column":0},"end":{"line":47,"column":51}},"47":{"start":{"line":48,"column":0},"end":{"line":48,"column":21}},"48":{"start":{"line":49,"column":0},"end":{"line":49,"column":41}},"49":{"start":{"line":50,"column":0},"end":{"line":50,"column":21}},"50":{"start":{"line":51,"column":0},"end":{"line":51,"column":53}},"51":{"start":{"line":52,"column":0},"end":{"line":52,"column":30}},"52":{"start":{"line":53,"column":0},"end":{"line":53,"column":28}},"53":{"start":{"line":54,"column":0},"end":{"line":54,"column":14}},"54":{"start":{"line":55,"column":0},"end":{"line":55,"column":0}},"55":{"start":{"line":56,"column":0},"end":{"line":56,"column":56}},"56":{"start":{"line":57,"column":0},"end":{"line":57,"column":38}},"57":{"start":{"line":58,"column":0},"end":{"line":58,"column":28}},"58":{"start":{"line":59,"column":0},"end":{"line":59,"column":57}},"59":{"start":{"line":60,"column":0},"end":{"line":60,"column":9}},"60":{"start":{"line":61,"column":0},"end":{"line":61,"column":7}},"61":{"start":{"line":62,"column":0},"end":{"line":62,"column":0}},"62":{"start":{"line":63,"column":0},"end":{"line":63,"column":37}},"63":{"start":{"line":64,"column":0},"end":{"line":64,"column":85}},"64":{"start":{"line":65,"column":0},"end":{"line":65,"column":13}},"65":{"start":{"line":66,"column":0},"end":{"line":66,"column":86}},"66":{"start":{"line":67,"column":0},"end":{"line":67,"column":70}},"67":{"start":{"line":68,"column":0},"end":{"line":68,"column":84}},"68":{"start":{"line":69,"column":0},"end":{"line":69,"column":30}},"69":{"start":{"line":70,"column":0},"end":{"line":70,"column":28}},"70":{"start":{"line":71,"column":0},"end":{"line":71,"column":52}},"71":{"start":{"line":72,"column":0},"end":{"line":72,"column":61}},"72":{"start":{"line":73,"column":0},"end":{"line":73,"column":20}},"73":{"start":{"line":74,"column":0},"end":{"line":74,"column":61}},"74":{"start":{"line":75,"column":0},"end":{"line":75,"column":13}},"75":{"start":{"line":76,"column":0},"end":{"line":76,"column":9}},"76":{"start":{"line":77,"column":0},"end":{"line":77,"column":7}},"77":{"start":{"line":78,"column":0},"end":{"line":78,"column":0}},"78":{"start":{"line":79,"column":0},"end":{"line":79,"column":71}},"79":{"start":{"line":80,"column":0},"end":{"line":80,"column":0}},"80":{"start":{"line":81,"column":0},"end":{"line":81,"column":21}},"81":{"start":{"line":82,"column":0},"end":{"line":82,"column":59}},"82":{"start":{"line":83,"column":0},"end":{"line":83,"column":17}},"83":{"start":{"line":84,"column":0},"end":{"line":84,"column":76}},"84":{"start":{"line":85,"column":0},"end":{"line":85,"column":33}},"85":{"start":{"line":86,"column":0},"end":{"line":86,"column":32}},"86":{"start":{"line":87,"column":0},"end":{"line":87,"column":61}},"87":{"start":{"line":88,"column":0},"end":{"line":88,"column":13}},"88":{"start":{"line":89,"column":0},"end":{"line":89,"column":11}},"89":{"start":{"line":90,"column":0},"end":{"line":90,"column":0}},"90":{"start":{"line":91,"column":0},"end":{"line":91,"column":52}},"91":{"start":{"line":92,"column":0},"end":{"line":92,"column":17}},"92":{"start":{"line":93,"column":0},"end":{"line":93,"column":59}},"93":{"start":{"line":94,"column":0},"end":{"line":94,"column":34}},"94":{"start":{"line":95,"column":0},"end":{"line":95,"column":32}},"95":{"start":{"line":96,"column":0},"end":{"line":96,"column":61}},"96":{"start":{"line":97,"column":0},"end":{"line":97,"column":13}},"97":{"start":{"line":98,"column":0},"end":{"line":98,"column":11}},"98":{"start":{"line":99,"column":0},"end":{"line":99,"column":0}},"99":{"start":{"line":100,"column":0},"end":{"line":100,"column":64}},"100":{"start":{"line":101,"column":0},"end":{"line":101,"column":17}},"101":{"start":{"line":102,"column":0},"end":{"line":102,"column":79}},"102":{"start":{"line":103,"column":0},"end":{"line":103,"column":32}},"103":{"start":{"line":104,"column":0},"end":{"line":104,"column":32}},"104":{"start":{"line":105,"column":0},"end":{"line":105,"column":61}},"105":{"start":{"line":106,"column":0},"end":{"line":106,"column":13}},"106":{"start":{"line":107,"column":0},"end":{"line":107,"column":11}},"107":{"start":{"line":108,"column":0},"end":{"line":108,"column":0}},"108":{"start":{"line":109,"column":0},"end":{"line":109,"column":57}},"109":{"start":{"line":110,"column":0},"end":{"line":110,"column":17}},"110":{"start":{"line":111,"column":0},"end":{"line":111,"column":55}},"111":{"start":{"line":112,"column":0},"end":{"line":112,"column":59}},"112":{"start":{"line":113,"column":0},"end":{"line":113,"column":47}},"113":{"start":{"line":114,"column":0},"end":{"line":114,"column":75}},"114":{"start":{"line":115,"column":0},"end":{"line":115,"column":17}},"115":{"start":{"line":116,"column":0},"end":{"line":116,"column":33}},"116":{"start":{"line":117,"column":0},"end":{"line":117,"column":32}},"117":{"start":{"line":118,"column":0},"end":{"line":118,"column":61}},"118":{"start":{"line":119,"column":0},"end":{"line":119,"column":13}},"119":{"start":{"line":120,"column":0},"end":{"line":120,"column":11}},"120":{"start":{"line":121,"column":0},"end":{"line":121,"column":5}},"121":{"start":{"line":122,"column":0},"end":{"line":122,"column":0}},"122":{"start":{"line":123,"column":0},"end":{"line":123,"column":15}},"123":{"start":{"line":124,"column":0},"end":{"line":124,"column":1}},"124":{"start":{"line":125,"column":0},"end":{"line":125,"column":0}},"125":{"start":{"line":126,"column":0},"end":{"line":126,"column":9}}},"s":{"0":1,"1":1,"2":1,"3":1,"4":1,"5":34,"6":34,"7":34,"8":34,"9":34,"10":34,"11":3,"12":3,"13":3,"14":2,"15":2,"16":2,"17":2,"18":2,"19":3,"20":1,"21":1,"22":34,"23":34,"24":34,"25":34,"26":3,"27":3,"28":2,"29":3,"30":1,"31":1,"32":34,"33":34,"34":34,"35":34,"36":8,"37":8,"38":8,"39":8,"40":3,"41":3,"42":3,"43":5,"44":5,"45":5,"46":8,"47":8,"48":8,"49":8,"50":8,"51":8,"52":8,"53":8,"54":8,"55":8,"56":4,"57":8,"58":1,"59":1,"60":34,"61":34,"62":34,"63":34,"64":3,"65":3,"66":1,"67":1,"68":1,"69":3,"70":2,"71":1,"72":1,"73":1,"74":1,"75":2,"76":34,"77":34,"78":34,"79":34,"80":34,"81":8,"82":2,"83":2,"84":1,"85":1,"86":1,"87":1,"88":8,"89":8,"90":8,"91":2,"92":2,"93":1,"94":1,"95":1,"96":1,"97":8,"98":8,"99":8,"100":2,"101":2,"102":1,"103":1,"104":1,"105":1,"106":8,"107":8,"108":8,"109":2,"110":2,"111":1,"112":2,"113":2,"114":2,"115":1,"116":1,"117":1,"118":1,"119":8,"120":8,"121":34,"122":34,"123":34,"124":1,"125":1},"branchMap":{"0":{"type":"branch","line":6,"loc":{"start":{"line":6,"column":0},"end":{"line":124,"column":1}},"locations":[{"start":{"line":6,"column":0},"end":{"line":124,"column":1}}]},"1":{"type":"branch","line":81,"loc":{"start":{"line":81,"column":20},"end":{"line":121,"column":5}},"locations":[{"start":{"line":81,"column":20},"end":{"line":121,"column":5}}]},"2":{"type":"branch","line":11,"loc":{"start":{"line":11,"column":34},"end":{"line":23,"column":5}},"locations":[{"start":{"line":11,"column":34},"end":{"line":23,"column":5}}]},"3":{"type":"branch","line":15,"loc":{"start":{"line":15,"column":-1},"end":{"line":20,"column":17}},"locations":[{"start":{"line":15,"column":-1},"end":{"line":20,"column":17}}]},"4":{"type":"branch","line":20,"loc":{"start":{"line":20,"column":10},"end":{"line":22,"column":9}},"locations":[{"start":{"line":20,"column":10},"end":{"line":22,"column":9}}]},"5":{"type":"branch","line":13,"loc":{"start":{"line":13,"column":23},"end":{"line":13,"column":50}},"locations":[{"start":{"line":13,"column":23},"end":{"line":13,"column":50}}]},"6":{"type":"branch","line":17,"loc":{"start":{"line":17,"column":24},"end":{"line":17,"column":48}},"locations":[{"start":{"line":17,"column":24},"end":{"line":17,"column":48}}]},"7":{"type":"branch","line":18,"loc":{"start":{"line":18,"column":21},"end":{"line":18,"column":50}},"locations":[{"start":{"line":18,"column":21},"end":{"line":18,"column":50}}]},"8":{"type":"branch","line":26,"loc":{"start":{"line":26,"column":42},"end":{"line":33,"column":5}},"locations":[{"start":{"line":26,"column":42},"end":{"line":33,"column":5}}]},"9":{"type":"branch","line":29,"loc":{"start":{"line":29,"column":-1},"end":{"line":30,"column":17}},"locations":[{"start":{"line":29,"column":-1},"end":{"line":30,"column":17}}]},"10":{"type":"branch","line":30,"loc":{"start":{"line":30,"column":10},"end":{"line":32,"column":9}},"locations":[{"start":{"line":30,"column":10},"end":{"line":32,"column":9}}]},"11":{"type":"branch","line":36,"loc":{"start":{"line":36,"column":52},"end":{"line":61,"column":5}},"locations":[{"start":{"line":36,"column":52},"end":{"line":61,"column":5}}]},"12":{"type":"branch","line":40,"loc":{"start":{"line":40,"column":28},"end":{"line":40,"column":43}},"locations":[{"start":{"line":40,"column":28},"end":{"line":40,"column":43}}]},"13":{"type":"branch","line":40,"loc":{"start":{"line":40,"column":43},"end":{"line":40,"column":52}},"locations":[{"start":{"line":40,"column":43},"end":{"line":40,"column":52}}]},"14":{"type":"branch","line":40,"loc":{"start":{"line":40,"column":54},"end":{"line":43,"column":13}},"locations":[{"start":{"line":40,"column":54},"end":{"line":43,"column":13}}]},"15":{"type":"branch","line":44,"loc":{"start":{"line":44,"column":-1},"end":{"line":47,"column":50}},"locations":[{"start":{"line":44,"column":-1},"end":{"line":47,"column":50}}]},"16":{"type":"branch","line":49,"loc":{"start":{"line":49,"column":32},"end":{"line":49,"column":40}},"locations":[{"start":{"line":49,"column":32},"end":{"line":49,"column":40}}]},"17":{"type":"branch","line":57,"loc":{"start":{"line":57,"column":-1},"end":{"line":58,"column":17}},"locations":[{"start":{"line":57,"column":-1},"end":{"line":58,"column":17}}]},"18":{"type":"branch","line":58,"loc":{"start":{"line":58,"column":10},"end":{"line":60,"column":9}},"locations":[{"start":{"line":58,"column":10},"end":{"line":60,"column":9}}]},"19":{"type":"branch","line":64,"loc":{"start":{"line":64,"column":64},"end":{"line":77,"column":5}},"locations":[{"start":{"line":64,"column":64},"end":{"line":77,"column":5}}]},"20":{"type":"branch","line":67,"loc":{"start":{"line":67,"column":-1},"end":{"line":70,"column":17}},"locations":[{"start":{"line":67,"column":-1},"end":{"line":70,"column":17}}]},"21":{"type":"branch","line":70,"loc":{"start":{"line":70,"column":10},"end":{"line":76,"column":9}},"locations":[{"start":{"line":70,"column":10},"end":{"line":76,"column":9}}]},"22":{"type":"branch","line":71,"loc":{"start":{"line":71,"column":51},"end":{"line":75,"column":13}},"locations":[{"start":{"line":71,"column":51},"end":{"line":75,"column":13}}]},"23":{"type":"branch","line":68,"loc":{"start":{"line":68,"column":48},"end":{"line":68,"column":82}},"locations":[{"start":{"line":68,"column":48},"end":{"line":68,"column":82}}]},"24":{"type":"branch","line":82,"loc":{"start":{"line":82,"column":38},"end":{"line":89,"column":9}},"locations":[{"start":{"line":82,"column":38},"end":{"line":89,"column":9}}]},"25":{"type":"branch","line":85,"loc":{"start":{"line":85,"column":-1},"end":{"line":88,"column":13}},"locations":[{"start":{"line":85,"column":-1},"end":{"line":88,"column":13}}]},"26":{"type":"branch","line":91,"loc":{"start":{"line":91,"column":30},"end":{"line":98,"column":9}},"locations":[{"start":{"line":91,"column":30},"end":{"line":98,"column":9}}]},"27":{"type":"branch","line":94,"loc":{"start":{"line":94,"column":-1},"end":{"line":97,"column":13}},"locations":[{"start":{"line":94,"column":-1},"end":{"line":97,"column":13}}]},"28":{"type":"branch","line":100,"loc":{"start":{"line":100,"column":43},"end":{"line":107,"column":9}},"locations":[{"start":{"line":100,"column":43},"end":{"line":107,"column":9}}]},"29":{"type":"branch","line":103,"loc":{"start":{"line":103,"column":-1},"end":{"line":106,"column":13}},"locations":[{"start":{"line":103,"column":-1},"end":{"line":106,"column":13}}]},"30":{"type":"branch","line":109,"loc":{"start":{"line":109,"column":35},"end":{"line":120,"column":9}},"locations":[{"start":{"line":109,"column":35},"end":{"line":120,"column":9}}]},"31":{"type":"branch","line":112,"loc":{"start":{"line":112,"column":-1},"end":{"line":113,"column":46}},"locations":[{"start":{"line":112,"column":-1},"end":{"line":113,"column":46}}]},"32":{"type":"branch","line":116,"loc":{"start":{"line":116,"column":-1},"end":{"line":119,"column":13}},"locations":[{"start":{"line":116,"column":-1},"end":{"line":119,"column":13}}]}},"b":{"0":[34],"1":[8],"2":[3],"3":[2],"4":[1],"5":[3],"6":[2],"7":[2],"8":[3],"9":[2],"10":[1],"11":[8],"12":[7],"13":[6],"14":[3],"15":[5],"16":[4],"17":[4],"18":[1],"19":[3],"20":[1],"21":[2],"22":[1],"23":[1],"24":[2],"25":[1],"26":[2],"27":[1],"28":[2],"29":[1],"30":[2],"31":[1],"32":[1]},"fnMap":{"0":{"name":"createApp","decl":{"start":{"line":6,"column":0},"end":{"line":124,"column":1}},"loc":{"start":{"line":6,"column":0},"end":{"line":124,"column":1}},"line":6}},"f":{"0":34}}
,"/home/gvsr/code/zapper/src/db/localDb.ts": {"path":"/home/gvsr/code/zapper/src/db/localDb.ts","all":false,"statementMap":{"0":{"start":{"line":1,"column":0},"end":{"line":1,"column":34}},"1":{"start":{"line":2,"column":0},"end":{"line":2,"column":29}},"2":{"start":{"line":3,"column":0},"end":{"line":3,"column":43}},"3":{"start":{"line":4,"column":0},"end":{"line":4,"column":0}},"4":{"start":{"line":5,"column":0},"end":{"line":5,"column":67}},"5":{"start":{"line":6,"column":0},"end":{"line":6,"column":0}},"6":{"start":{"line":7,"column":0},"end":{"line":7,"column":26}},"7":{"start":{"line":8,"column":0},"end":{"line":8,"column":15}},"8":{"start":{"line":9,"column":0},"end":{"line":9,"column":22}},"9":{"start":{"line":10,"column":0},"end":{"line":10,"column":17}},"10":{"start":{"line":11,"column":0},"end":{"line":11,"column":63}},"11":{"start":{"line":12,"column":0},"end":{"line":12,"column":64}},"12":{"start":{"line":13,"column":0},"end":{"line":13,"column":27}},"13":{"start":{"line":14,"column":0},"end":{"line":14,"column":27}},"14":{"start":{"line":15,"column":0},"end":{"line":15,"column":25}},"15":{"start":{"line":16,"column":0},"end":{"line":16,"column":1}},"16":{"start":{"line":17,"column":0},"end":{"line":17,"column":0}},"17":{"start":{"line":18,"column":0},"end":{"line":18,"column":31}},"18":{"start":{"line":19,"column":0},"end":{"line":19,"column":19}},"19":{"start":{"line":20,"column":0},"end":{"line":20,"column":24}},"20":{"start":{"line":21,"column":0},"end":{"line":21,"column":1}},"21":{"start":{"line":22,"column":0},"end":{"line":22,"column":0}},"22":{"start":{"line":23,"column":0},"end":{"line":23,"column":28}},"23":{"start":{"line":24,"column":0},"end":{"line":24,"column":26}},"24":{"start":{"line":25,"column":0},"end":{"line":25,"column":0}},"25":{"start":{"line":26,"column":0},"end":{"line":26,"column":57}},"26":{"start":{"line":27,"column":0},"end":{"line":27,"column":27}},"27":{"start":{"line":28,"column":0},"end":{"line":28,"column":5}},"28":{"start":{"line":29,"column":0},"end":{"line":29,"column":0}},"29":{"start":{"line":30,"column":0},"end":{"line":30,"column":49}},"30":{"start":{"line":31,"column":0},"end":{"line":31,"column":65}},"31":{"start":{"line":32,"column":0},"end":{"line":32,"column":69}},"32":{"start":{"line":33,"column":0},"end":{"line":33,"column":59}},"33":{"start":{"line":34,"column":0},"end":{"line":34,"column":5}},"34":{"start":{"line":35,"column":0},"end":{"line":35,"column":0}},"35":{"start":{"line":36,"column":0},"end":{"line":36,"column":46}},"36":{"start":{"line":37,"column":0},"end":{"line":37,"column":56}},"37":{"start":{"line":38,"column":0},"end":{"line":38,"column":5}},"38":{"start":{"line":39,"column":0},"end":{"line":39,"column":0}},"39":{"start":{"line":40,"column":0},"end":{"line":40,"column":66}},"40":{"start":{"line":41,"column":0},"end":{"line":41,"column":50}},"41":{"start":{"line":42,"column":0},"end":{"line":42,"column":13}},"42":{"start":{"line":43,"column":0},"end":{"line":43,"column":62}},"43":{"start":{"line":44,"column":0},"end":{"line":44,"column":59}},"44":{"start":{"line":45,"column":0},"end":{"line":45,"column":40}},"45":{"start":{"line":46,"column":0},"end":{"line":46,"column":30}},"46":{"start":{"line":47,"column":0},"end":{"line":47,"column":42}},"47":{"start":{"line":48,"column":0},"end":{"line":48,"column":48}},"48":{"start":{"line":49,"column":0},"end":{"line":49,"column":13}},"49":{"start":{"line":50,"column":0},"end":{"line":50,"column":24}},"50":{"start":{"line":51,"column":0},"end":{"line":51,"column":9}},"51":{"start":{"line":52,"column":0},"end":{"line":52,"column":5}},"52":{"start":{"line":53,"column":0},"end":{"line":53,"column":0}},"53":{"start":{"line":54,"column":0},"end":{"line":54,"column":80}},"54":{"start":{"line":55,"column":0},"end":{"line":55,"column":31}},"55":{"start":{"line":56,"column":0},"end":{"line":56,"column":50}},"56":{"start":{"line":57,"column":0},"end":{"line":57,"column":81}},"57":{"start":{"line":58,"column":0},"end":{"line":58,"column":5}},"58":{"start":{"line":59,"column":0},"end":{"line":59,"column":0}},"59":{"start":{"line":60,"column":0},"end":{"line":60,"column":71}},"60":{"start":{"line":61,"column":0},"end":{"line":61,"column":57}},"61":{"start":{"line":62,"column":0},"end":{"line":62,"column":81}},"62":{"start":{"line":63,"column":0},"end":{"line":63,"column":35}},"63":{"start":{"line":64,"column":0},"end":{"line":64,"column":52}},"64":{"start":{"line":65,"column":0},"end":{"line":65,"column":16}},"65":{"start":{"line":66,"column":0},"end":{"line":66,"column":41}},"66":{"start":{"line":67,"column":0},"end":{"line":67,"column":9}},"67":{"start":{"line":68,"column":0},"end":{"line":68,"column":60}},"68":{"start":{"line":69,"column":0},"end":{"line":69,"column":5}},"69":{"start":{"line":70,"column":0},"end":{"line":70,"column":0}},"70":{"start":{"line":71,"column":0},"end":{"line":71,"column":102}},"71":{"start":{"line":72,"column":0},"end":{"line":72,"column":57}},"72":{"start":{"line":73,"column":0},"end":{"line":73,"column":65}},"73":{"start":{"line":74,"column":0},"end":{"line":74,"column":19}},"74":{"start":{"line":75,"column":0},"end":{"line":75,"column":88}},"75":{"start":{"line":76,"column":0},"end":{"line":76,"column":9}},"76":{"start":{"line":77,"column":0},"end":{"line":77,"column":36}},"77":{"start":{"line":78,"column":0},"end":{"line":78,"column":60}},"78":{"start":{"line":79,"column":0},"end":{"line":79,"column":5}},"79":{"start":{"line":80,"column":0},"end":{"line":80,"column":0}},"80":{"start":{"line":81,"column":0},"end":{"line":81,"column":41}},"81":{"start":{"line":82,"column":0},"end":{"line":82,"column":53}},"82":{"start":{"line":83,"column":0},"end":{"line":83,"column":5}},"83":{"start":{"line":84,"column":0},"end":{"line":84,"column":0}},"84":{"start":{"line":85,"column":0},"end":{"line":85,"column":70}},"85":{"start":{"line":86,"column":0},"end":{"line":86,"column":13}},"86":{"start":{"line":87,"column":0},"end":{"line":87,"column":78}},"87":{"start":{"line":88,"column":0},"end":{"line":88,"column":66}},"88":{"start":{"line":89,"column":0},"end":{"line":89,"column":30}},"89":{"start":{"line":90,"column":0},"end":{"line":90,"column":42}},"90":{"start":{"line":91,"column":0},"end":{"line":91,"column":26}},"91":{"start":{"line":92,"column":0},"end":{"line":92,"column":13}},"92":{"start":{"line":93,"column":0},"end":{"line":93,"column":24}},"93":{"start":{"line":94,"column":0},"end":{"line":94,"column":9}},"94":{"start":{"line":95,"column":0},"end":{"line":95,"column":5}},"95":{"start":{"line":96,"column":0},"end":{"line":96,"column":0}},"96":{"start":{"line":97,"column":0},"end":{"line":97,"column":84}},"97":{"start":{"line":98,"column":0},"end":{"line":98,"column":31}},"98":{"start":{"line":99,"column":0},"end":{"line":99,"column":96}},"99":{"start":{"line":100,"column":0},"end":{"line":100,"column":5}},"100":{"start":{"line":101,"column":0},"end":{"line":101,"column":0}},"101":{"start":{"line":102,"column":0},"end":{"line":102,"column":69}},"102":{"start":{"line":103,"column":0},"end":{"line":103,"column":49}},"103":{"start":{"line":104,"column":0},"end":{"line":104,"column":39}},"104":{"start":{"line":105,"column":0},"end":{"line":105,"column":5}},"105":{"start":{"line":106,"column":0},"end":{"line":106,"column":0}},"106":{"start":{"line":107,"column":0},"end":{"line":107,"column":76}},"107":{"start":{"line":108,"column":0},"end":{"line":108,"column":49}},"108":{"start":{"line":109,"column":0},"end":{"line":109,"column":33}},"109":{"start":{"line":110,"column":0},"end":{"line":110,"column":41}},"110":{"start":{"line":111,"column":0},"end":{"line":111,"column":5}},"111":{"start":{"line":112,"column":0},"end":{"line":112,"column":0}},"112":{"start":{"line":113,"column":0},"end":{"line":113,"column":44}},"113":{"start":{"line":114,"column":0},"end":{"line":114,"column":31}},"114":{"start":{"line":115,"column":0},"end":{"line":115,"column":51}},"115":{"start":{"line":116,"column":0},"end":{"line":116,"column":20}},"116":{"start":{"line":117,"column":0},"end":{"line":117,"column":69}},"117":{"start":{"line":118,"column":0},"end":{"line":118,"column":48}},"118":{"start":{"line":119,"column":0},"end":{"line":119,"column":5}},"119":{"start":{"line":120,"column":0},"end":{"line":120,"column":1}}},"s":{"0":1,"1":1,"2":1,"3":1,"4":1,"5":1,"6":1,"7":1,"8":1,"9":1,"10":1,"11":1,"12":1,"13":1,"14":1,"15":1,"16":1,"17":1,"18":1,"19":1,"20":1,"21":1,"22":1,"23":64,"24":64,"25":64,"26":64,"27":64,"28":64,"29":64,"30":99,"31":99,"32":99,"33":99,"34":64,"35":64,"36":60,"37":60,"38":64,"39":64,"40":62,"41":62,"42":62,"43":28,"44":28,"45":62,"46":36,"47":34,"48":34,"49":2,"50":2,"51":62,"52":64,"53":64,"54":37,"55":37,"56":37,"57":37,"58":64,"59":64,"60":29,"61":29,"62":29,"63":1,"64":29,"65":28,"66":28,"67":29,"68":29,"69":64,"70":64,"71":4,"72":4,"73":4,"74":2,"75":2,"76":2,"77":2,"78":2,"79":64,"80":64,"81":48,"82":48,"83":64,"84":64,"85":29,"86":29,"87":10,"88":29,"89":19,"90":19,"91":19,"92":0,"93":0,"94":29,"95":64,"96":64,"97":19,"98":19,"99":19,"100":64,"101":64,"102":10,"103":10,"104":10,"105":64,"106":64,"107":19,"108":19,"109":19,"110":19,"111":64,"112":64,"113":4,"114":4,"115":4,"116":4,"117":4,"118":4,"119":64},"branchMap":{"0":{"type":"branch","line":23,"loc":{"start":{"line":23,"column":26},"end":{"line":120,"column":1}},"locations":[{"start":{"line":23,"column":26},"end":{"line":120,"column":1}}]},"1":{"type":"branch","line":26,"loc":{"start":{"line":26,"column":4},"end":{"line":28,"column":5}},"locations":[{"start":{"line":26,"column":4},"end":{"line":28,"column":5}}]},"2":{"type":"branch","line":30,"loc":{"start":{"line":30,"column":12},"end":{"line":34,"column":5}},"locations":[{"start":{"line":30,"column":12},"end":{"line":34,"column":5}}]},"3":{"type":"branch","line":36,"loc":{"start":{"line":36,"column":12},"end":{"line":38,"column":5}},"locations":[{"start":{"line":36,"column":12},"end":{"line":38,"column":5}}]},"4":{"type":"branch","line":40,"loc":{"start":{"line":40,"column":4},"end":{"line":52,"column":5}},"locations":[{"start":{"line":40,"column":4},"end":{"line":52,"column":5}}]},"5":{"type":"branch","line":44,"loc":{"start":{"line":44,"column":-1},"end":{"line":46,"column":17}},"locations":[{"start":{"line":44,"column":-1},"end":{"line":46,"column":17}}]},"6":{"type":"branch","line":46,"loc":{"start":{"line":46,"column":10},"end":{"line":51,"column":9}},"locations":[{"start":{"line":46,"column":10},"end":{"line":51,"column":9}}]},"7":{"type":"branch","line":47,"loc":{"start":{"line":47,"column":41},"end":{"line":49,"column":13}},"locations":[{"start":{"line":47,"column":41},"end":{"line":49,"column":13}}]},"8":{"type":"branch","line":50,"loc":{"start":{"line":50,"column":-1},"end":{"line":51,"column":9}},"locations":[{"start":{"line":50,"column":-1},"end":{"line":51,"column":9}}]},"9":{"type":"branch","line":54,"loc":{"start":{"line":54,"column":4},"end":{"line":58,"column":5}},"locations":[{"start":{"line":54,"column":4},"end":{"line":58,"column":5}}]},"10":{"type":"branch","line":60,"loc":{"start":{"line":60,"column":4},"end":{"line":69,"column":5}},"locations":[{"start":{"line":60,"column":4},"end":{"line":69,"column":5}}]},"11":{"type":"branch","line":63,"loc":{"start":{"line":63,"column":34},"end":{"line":65,"column":9}},"locations":[{"start":{"line":63,"column":34},"end":{"line":65,"column":9}}]},"12":{"type":"branch","line":65,"loc":{"start":{"line":65,"column":9},"end":{"line":67,"column":9}},"locations":[{"start":{"line":65,"column":9},"end":{"line":67,"column":9}}]},"13":{"type":"branch","line":62,"loc":{"start":{"line":62,"column":55},"end":{"line":62,"column":79}},"locations":[{"start":{"line":62,"column":55},"end":{"line":62,"column":79}}]},"14":{"type":"branch","line":71,"loc":{"start":{"line":71,"column":4},"end":{"line":79,"column":5}},"locations":[{"start":{"line":71,"column":4},"end":{"line":79,"column":5}}]},"15":{"type":"branch","line":74,"loc":{"start":{"line":74,"column":18},"end":{"line":79,"column":5}},"locations":[{"start":{"line":74,"column":18},"end":{"line":79,"column":5}}]},"16":{"type":"branch","line":73,"loc":{"start":{"line":73,"column":40},"end":{"line":73,"column":63}},"locations":[{"start":{"line":73,"column":40},"end":{"line":73,"column":63}}]},"17":{"type":"branch","line":81,"loc":{"start":{"line":81,"column":12},"end":{"line":83,"column":5}},"locations":[{"start":{"line":81,"column":12},"end":{"line":83,"column":5}}]},"18":{"type":"branch","line":85,"loc":{"start":{"line":85,"column":12},"end":{"line":95,"column":5}},"locations":[{"start":{"line":85,"column":12},"end":{"line":95,"column":5}}]},"19":{"type":"branch","line":88,"loc":{"start":{"line":88,"column":-1},"end":{"line":89,"column":17}},"locations":[{"start":{"line":88,"column":-1},"end":{"line":89,"column":17}}]},"20":{"type":"branch","line":89,"loc":{"start":{"line":89,"column":10},"end":{"line":94,"column":9}},"locations":[{"start":{"line":89,"column":10},"end":{"line":94,"column":9}}]},"21":{"type":"branch","line":93,"loc":{"start":{"line":93,"column":-1},"end":{"line":94,"column":9}},"locations":[{"start":{"line":93,"column":-1},"end":{"line":94,"column":9}}]},"22":{"type":"branch","line":97,"loc":{"start":{"line":97,"column":12},"end":{"line":100,"column":5}},"locations":[{"start":{"line":97,"column":12},"end":{"line":100,"column":5}}]},"23":{"type":"branch","line":102,"loc":{"start":{"line":102,"column":4},"end":{"line":105,"column":5}},"locations":[{"start":{"line":102,"column":4},"end":{"line":105,"column":5}}]},"24":{"type":"branch","line":104,"loc":{"start":{"line":104,"column":30},"end":{"line":104,"column":38}},"locations":[{"start":{"line":104,"column":30},"end":{"line":104,"column":38}}]},"25":{"type":"branch","line":107,"loc":{"start":{"line":107,"column":4},"end":{"line":111,"column":5}},"locations":[{"start":{"line":107,"column":4},"end":{"line":111,"column":5}}]},"26":{"type":"branch","line":113,"loc":{"start":{"line":113,"column":4},"end":{"line":119,"column":5}},"locations":[{"start":{"line":113,"column":4},"end":{"line":119,"column":5}}]},"27":{"type":"branch","line":117,"loc":{"start":{"line":117,"column":20},"end":{"line":117,"column":68}},"locations":[{"start":{"line":117,"column":20},"end":{"line":117,"column":68}}]},"28":{"type":"branch","line":118,"loc":{"start":{"line":118,"column":17},"end":{"line":118,"column":46}},"locations":[{"start":{"line":118,"column":17},"end":{"line":118,"column":46}}]}},"b":{"0":[64],"1":[64],"2":[99],"3":[60],"4":[62],"5":[28],"6":[36],"7":[34],"8":[2],"9":[37],"10":[29],"11":[1],"12":[28],"13":[47],"14":[4],"15":[2],"16":[2],"17":[48],"18":[29],"19":[10],"20":[19],"21":[0],"22":[19],"23":[10],"24":[4],"25":[19],"26":[4],"27":[6],"28":[5]},"fnMap":{"0":{"name":"<instance_members_initializer>","decl":{"start":{"line":23,"column":26},"end":{"line":120,"column":1}},"loc":{"start":{"line":23,"column":26},"end":{"line":120,"column":1}},"line":23},"1":{"name":"LocalDatabase","decl":{"start":{"line":26,"column":4},"end":{"line":28,"column":5}},"loc":{"start":{"line":26,"column":4},"end":{"line":28,"column":5}},"line":26},"2":{"name":"getFilePath","decl":{"start":{"line":30,"column":12},"end":{"line":34,"column":5}},"loc":{"start":{"line":30,"column":12},"end":{"line":34,"column":5}},"line":30},"3":{"name":"ensureDir","decl":{"start":{"line":36,"column":12},"end":{"line":38,"column":5}},"loc":{"start":{"line":36,"column":12},"end":{"line":38,"column":5}},"line":36},"4":{"name":"getConversation","decl":{"start":{"line":40,"column":4},"end":{"line":52,"column":5}},"loc":{"start":{"line":40,"column":4},"end":{"line":52,"column":5}},"line":40},"5":{"name":"saveConversation","decl":{"start":{"line":54,"column":4},"end":{"line":58,"column":5}},"loc":{"start":{"line":54,"column":4},"end":{"line":58,"column":5}},"line":54},"6":{"name":"addMessage","decl":{"start":{"line":60,"column":4},"end":{"line":69,"column":5}},"loc":{"start":{"line":60,"column":4},"end":{"line":69,"column":5}},"line":60},"7":{"name":"updateMessage","decl":{"start":{"line":71,"column":4},"end":{"line":79,"column":5}},"loc":{"start":{"line":71,"column":4},"end":{"line":79,"column":5}},"line":71},"8":{"name":"getCursorFilePath","decl":{"start":{"line":81,"column":12},"end":{"line":83,"column":5}},"loc":{"start":{"line":81,"column":12},"end":{"line":83,"column":5}},"line":81},"9":{"name":"readCursors","decl":{"start":{"line":85,"column":12},"end":{"line":95,"column":5}},"loc":{"start":{"line":85,"column":12},"end":{"line":95,"column":5}},"line":85},"10":{"name":"writeCursors","decl":{"start":{"line":97,"column":12},"end":{"line":100,"column":5}},"loc":{"start":{"line":97,"column":12},"end":{"line":100,"column":5}},"line":97},"11":{"name":"getSyncCursor","decl":{"start":{"line":102,"column":4},"end":{"line":105,"column":5}},"loc":{"start":{"line":102,"column":4},"end":{"line":105,"column":5}},"line":102},"12":{"name":"setSyncCursor","decl":{"start":{"line":107,"column":4},"end":{"line":111,"column":5}},"loc":{"start":{"line":107,"column":4},"end":{"line":111,"column":5}},"line":107},"13":{"name":"listChatIds","decl":{"start":{"line":113,"column":4},"end":{"line":119,"column":5}},"loc":{"start":{"line":113,"column":4},"end":{"line":119,"column":5}},"line":113}},"f":{"0":64,"1":64,"2":99,"3":60,"4":62,"5":37,"6":29,"7":4,"8":48,"9":29,"10":19,"11":10,"12":19,"13":4}}
,"/home/gvsr/code/zapper/src/llm/deepseek.ts": {"path":"/home/gvsr/code/zapper/src/llm/deepseek.ts","all":false,"statementMap":{"0":{"start":{"line":1,"column":0},"end":{"line":1,"column":8}},"1":{"start":{"line":2,"column":0},"end":{"line":2,"column":22}},"2":{"start":{"line":3,"column":0},"end":{"line":3,"column":27}},"3":{"start":{"line":4,"column":0},"end":{"line":4,"column":24}},"4":{"start":{"line":5,"column":0},"end":{"line":5,"column":20}},"5":{"start":{"line":6,"column":0},"end":{"line":6,"column":21}},"6":{"start":{"line":7,"column":0},"end":{"line":7,"column":26}},"7":{"start":{"line":8,"column":0},"end":{"line":8,"column":22}},"8":{"start":{"line":9,"column":0},"end":{"line":9,"column":68}},"9":{"start":{"line":10,"column":0},"end":{"line":10,"column":54}},"10":{"start":{"line":11,"column":0},"end":{"line":11,"column":0}},"11":{"start":{"line":12,"column":0},"end":{"line":12,"column":34}},"12":{"start":{"line":13,"column":0},"end":{"line":13,"column":42}},"13":{"start":{"line":14,"column":0},"end":{"line":14,"column":20}},"14":{"start":{"line":15,"column":0},"end":{"line":15,"column":1}},"15":{"start":{"line":16,"column":0},"end":{"line":16,"column":0}},"16":{"start":{"line":17,"column":0},"end":{"line":17,"column":27}},"17":{"start":{"line":18,"column":0},"end":{"line":18,"column":18}},"18":{"start":{"line":19,"column":0},"end":{"line":19,"column":32}},"19":{"start":{"line":20,"column":0},"end":{"line":20,"column":25}},"20":{"start":{"line":21,"column":0},"end":{"line":21,"column":24}},"21":{"start":{"line":22,"column":0},"end":{"line":22,"column":21}},"22":{"start":{"line":23,"column":0},"end":{"line":23,"column":1}},"23":{"start":{"line":24,"column":0},"end":{"line":24,"column":0}},"24":{"start":{"line":25,"column":0},"end":{"line":25,"column":28}},"25":{"start":{"line":26,"column":0},"end":{"line":26,"column":15}},"26":{"start":{"line":27,"column":0},"end":{"line":27,"column":20}},"27":{"start":{"line":28,"column":0},"end":{"line":28,"column":33}},"28":{"start":{"line":29,"column":0},"end":{"line":29,"column":30}},"29":{"start":{"line":30,"column":0},"end":{"line":30,"column":7}},"30":{"start":{"line":31,"column":0},"end":{"line":31,"column":13}},"31":{"start":{"line":32,"column":0},"end":{"line":32,"column":30}},"32":{"start":{"line":33,"column":0},"end":{"line":33,"column":34}},"33":{"start":{"line":34,"column":0},"end":{"line":34,"column":29}},"34":{"start":{"line":35,"column":0},"end":{"line":35,"column":6}},"35":{"start":{"line":36,"column":0},"end":{"line":36,"column":60}},"36":{"start":{"line":37,"column":0},"end":{"line":37,"column":1}},"37":{"start":{"line":38,"column":0},"end":{"line":38,"column":0}},"38":{"start":{"line":39,"column":0},"end":{"line":39,"column":29}},"39":{"start":{"line":40,"column":0},"end":{"line":40,"column":27}},"40":{"start":{"line":41,"column":0},"end":{"line":41,"column":26}},"41":{"start":{"line":42,"column":0},"end":{"line":42,"column":0}},"42":{"start":{"line":43,"column":0},"end":{"line":43,"column":65}},"43":{"start":{"line":44,"column":0},"end":{"line":44,"column":70}},"44":{"start":{"line":45,"column":0},"end":{"line":45,"column":29}},"45":{"start":{"line":46,"column":0},"end":{"line":46,"column":28}},"46":{"start":{"line":47,"column":0},"end":{"line":47,"column":5}},"47":{"start":{"line":48,"column":0},"end":{"line":48,"column":0}},"48":{"start":{"line":49,"column":0},"end":{"line":49,"column":23}},"49":{"start":{"line":50,"column":0},"end":{"line":50,"column":36}},"50":{"start":{"line":51,"column":0},"end":{"line":51,"column":79}},"51":{"start":{"line":52,"column":0},"end":{"line":52,"column":24}},"52":{"start":{"line":53,"column":0},"end":{"line":53,"column":42}},"53":{"start":{"line":54,"column":0},"end":{"line":54,"column":60}},"54":{"start":{"line":55,"column":0},"end":{"line":55,"column":21}},"55":{"start":{"line":56,"column":0},"end":{"line":56,"column":69}},"56":{"start":{"line":57,"column":0},"end":{"line":57,"column":53}},"57":{"start":{"line":58,"column":0},"end":{"line":58,"column":10}},"58":{"start":{"line":59,"column":0},"end":{"line":59,"column":0}},"59":{"start":{"line":60,"column":0},"end":{"line":60,"column":79}},"60":{"start":{"line":61,"column":0},"end":{"line":61,"column":27}},"61":{"start":{"line":62,"column":0},"end":{"line":62,"column":22}},"62":{"start":{"line":63,"column":0},"end":{"line":63,"column":57}},"63":{"start":{"line":64,"column":0},"end":{"line":64,"column":52}},"64":{"start":{"line":65,"column":0},"end":{"line":65,"column":14}},"65":{"start":{"line":66,"column":0},"end":{"line":66,"column":42}},"66":{"start":{"line":67,"column":0},"end":{"line":67,"column":11}},"67":{"start":{"line":68,"column":0},"end":{"line":68,"column":0}},"68":{"start":{"line":69,"column":0},"end":{"line":69,"column":63}},"69":{"start":{"line":70,"column":0},"end":{"line":70,"column":0}},"70":{"start":{"line":71,"column":0},"end":{"line":71,"column":27}},"71":{"start":{"line":72,"column":0},"end":{"line":72,"column":73}},"72":{"start":{"line":73,"column":0},"end":{"line":73,"column":93}},"73":{"start":{"line":74,"column":0},"end":{"line":74,"column":97}},"74":{"start":{"line":75,"column":0},"end":{"line":75,"column":58}},"75":{"start":{"line":76,"column":0},"end":{"line":76,"column":9}},"76":{"start":{"line":77,"column":0},"end":{"line":77,"column":0}},"77":{"start":{"line":78,"column":0},"end":{"line":78,"column":60}},"78":{"start":{"line":79,"column":0},"end":{"line":79,"column":78}},"79":{"start":{"line":80,"column":0},"end":{"line":80,"column":23}},"80":{"start":{"line":81,"column":0},"end":{"line":81,"column":5}},"81":{"start":{"line":82,"column":0},"end":{"line":82,"column":0}},"82":{"start":{"line":83,"column":0},"end":{"line":83,"column":33}},"83":{"start":{"line":84,"column":0},"end":{"line":84,"column":39}},"84":{"start":{"line":85,"column":0},"end":{"line":85,"column":79}},"85":{"start":{"line":86,"column":0},"end":{"line":86,"column":24}},"86":{"start":{"line":87,"column":0},"end":{"line":87,"column":47}},"87":{"start":{"line":88,"column":0},"end":{"line":88,"column":5}},"88":{"start":{"line":89,"column":0},"end":{"line":89,"column":0}},"89":{"start":{"line":90,"column":0},"end":{"line":90,"column":32}},"90":{"start":{"line":91,"column":0},"end":{"line":91,"column":29}},"91":{"start":{"line":92,"column":0},"end":{"line":92,"column":77}},"92":{"start":{"line":93,"column":0},"end":{"line":93,"column":79}},"93":{"start":{"line":94,"column":0},"end":{"line":94,"column":24}},"94":{"start":{"line":95,"column":0},"end":{"line":95,"column":96}},"95":{"start":{"line":96,"column":0},"end":{"line":96,"column":5}},"96":{"start":{"line":97,"column":0},"end":{"line":97,"column":0}},"97":{"start":{"line":98,"column":0},"end":{"line":98,"column":50}},"98":{"start":{"line":99,"column":0},"end":{"line":99,"column":64}},"99":{"start":{"line":100,"column":0},"end":{"line":100,"column":5}},"100":{"start":{"line":101,"column":0},"end":{"line":101,"column":0}},"101":{"start":{"line":102,"column":0},"end":{"line":102,"column":23}},"102":{"start":{"line":103,"column":0},"end":{"line":103,"column":28}},"103":{"start":{"line":104,"column":0},"end":{"line":104,"column":26}},"104":{"start":{"line":105,"column":0},"end":{"line":105,"column":47}},"105":{"start":{"line":106,"column":0},"end":{"line":106,"column":24}},"106":{"start":{"line":107,"column":0},"end":{"line":107,"column":78}},"107":{"start":{"line":108,"column":0},"end":{"line":108,"column":5}},"108":{"start":{"line":109,"column":0},"end":{"line":109,"column":0}},"109":{"start":{"line":110,"column":0},"end":{"line":110,"column":32}},"110":{"start":{"line":111,"column":0},"end":{"line":111,"column":120}},"111":{"start":{"line":112,"column":0},"end":{"line":112,"column":45}},"112":{"start":{"line":113,"column":0},"end":{"line":113,"column":26}},"113":{"start":{"line":114,"column":0},"end":{"line":114,"column":55}},"114":{"start":{"line":115,"column":0},"end":{"line":115,"column":70}},"115":{"start":{"line":116,"column":0},"end":{"line":116,"column":0}},"116":{"start":{"line":117,"column":0},"end":{"line":117,"column":65}},"117":{"start":{"line":118,"column":0},"end":{"line":118,"column":0}},"118":{"start":{"line":119,"column":0},"end":{"line":119,"column":87}},"119":{"start":{"line":120,"column":0},"end":{"line":120,"column":0}},"120":{"start":{"line":121,"column":0},"end":{"line":121,"column":36}},"121":{"start":{"line":122,"column":0},"end":{"line":122,"column":13}},"122":{"start":{"line":123,"column":0},"end":{"line":123,"column":58}},"123":{"start":{"line":124,"column":0},"end":{"line":124,"column":17}},"124":{"start":{"line":125,"column":0},"end":{"line":125,"column":33}},"125":{"start":{"line":126,"column":0},"end":{"line":126,"column":128}},"126":{"start":{"line":127,"column":0},"end":{"line":127,"column":18}},"127":{"start":{"line":128,"column":0},"end":{"line":128,"column":14}},"128":{"start":{"line":129,"column":0},"end":{"line":129,"column":13}},"129":{"start":{"line":130,"column":0},"end":{"line":130,"column":41}},"130":{"start":{"line":131,"column":0},"end":{"line":131,"column":119}},"131":{"start":{"line":132,"column":0},"end":{"line":132,"column":121}},"132":{"start":{"line":133,"column":0},"end":{"line":133,"column":13}},"133":{"start":{"line":134,"column":0},"end":{"line":134,"column":10}},"134":{"start":{"line":135,"column":0},"end":{"line":135,"column":0}},"135":{"start":{"line":136,"column":0},"end":{"line":136,"column":56}},"136":{"start":{"line":137,"column":0},"end":{"line":137,"column":46}},"137":{"start":{"line":138,"column":0},"end":{"line":138,"column":21}},"138":{"start":{"line":139,"column":0},"end":{"line":139,"column":5}},"139":{"start":{"line":140,"column":0},"end":{"line":140,"column":1}},"140":{"start":{"line":141,"column":0},"end":{"line":141,"column":0}},"141":{"start":{"line":142,"column":0},"end":{"line":142,"column":44}},"142":{"start":{"line":143,"column":0},"end":{"line":143,"column":0}},"143":{"start":{"line":144,"column":0},"end":{"line":144,"column":53}},"144":{"start":{"line":145,"column":0},"end":{"line":145,"column":21}},"145":{"start":{"line":146,"column":0},"end":{"line":146,"column":49}},"146":{"start":{"line":147,"column":0},"end":{"line":147,"column":84}},"147":{"start":{"line":148,"column":0},"end":{"line":148,"column":72}},"148":{"start":{"line":149,"column":0},"end":{"line":149,"column":5}},"149":{"start":{"line":150,"column":0},"end":{"line":150,"column":21}},"150":{"start":{"line":151,"column":0},"end":{"line":151,"column":1}},"151":{"start":{"line":152,"column":0},"end":{"line":152,"column":0}},"152":{"start":{"line":153,"column":0},"end":{"line":153,"column":30}}},"s":{"0":1,"1":1,"2":1,"3":1,"4":1,"5":1,"6":1,"7":1,"8":1,"9":1,"10":1,"11":1,"12":1,"13":1,"14":1,"15":1,"16":1,"17":1,"18":1,"19":1,"20":1,"21":1,"22":1,"23":1,"24":1,"25":1,"26":1,"27":1,"28":1,"29":1,"30":1,"31":1,"32":1,"33":1,"34":1,"35":1,"36":1,"37":1,"38":1,"39":14,"40":14,"41":14,"42":14,"43":14,"44":13,"45":13,"46":13,"47":14,"48":14,"49":10,"50":10,"51":10,"52":10,"53":10,"54":10,"55":10,"56":10,"57":10,"58":10,"59":10,"60":10,"61":10,"62":10,"63":10,"64":10,"65":10,"66":10,"67":10,"68":10,"69":10,"70":10,"71":4,"72":4,"73":4,"74":2,"75":2,"76":6,"77":10,"78":10,"79":5,"80":5,"81":14,"82":14,"83":1,"84":1,"85":1,"86":1,"87":1,"88":14,"89":14,"90":1,"91":1,"92":1,"93":1,"94":1,"95":1,"96":14,"97":14,"98":6,"99":6,"100":14,"101":14,"102":1,"103":1,"104":1,"105":1,"106":1,"107":1,"108":14,"109":14,"110":2,"111":2,"112":2,"113":2,"114":2,"115":2,"116":2,"117":2,"118":2,"119":2,"120":2,"121":2,"122":2,"123":2,"124":2,"125":2,"126":2,"127":2,"128":2,"129":2,"130":2,"131":2,"132":2,"133":2,"134":2,"135":2,"136":2,"137":2,"138":2,"139":14,"140":1,"141":1,"142":1,"143":3,"144":3,"145":2,"146":2,"147":1,"148":1,"149":2,"150":2,"151":1,"152":1},"branchMap":{"0":{"type":"branch","line":39,"loc":{"start":{"line":39,"column":27},"end":{"line":140,"column":1}},"locations":[{"start":{"line":39,"column":27},"end":{"line":140,"column":1}}]},"1":{"type":"branch","line":43,"loc":{"start":{"line":43,"column":4},"end":{"line":47,"column":5}},"locations":[{"start":{"line":43,"column":4},"end":{"line":47,"column":5}}]},"2":{"type":"branch","line":44,"loc":{"start":{"line":44,"column":21},"end":{"line":44,"column":70}},"locations":[{"start":{"line":44,"column":21},"end":{"line":44,"column":70}}]},"3":{"type":"branch","line":45,"loc":{"start":{"line":45,"column":-1},"end":{"line":47,"column":5}},"locations":[{"start":{"line":45,"column":-1},"end":{"line":47,"column":5}}]},"4":{"type":"branch","line":49,"loc":{"start":{"line":49,"column":12},"end":{"line":81,"column":5}},"locations":[{"start":{"line":49,"column":12},"end":{"line":81,"column":5}}]},"5":{"type":"branch","line":54,"loc":{"start":{"line":54,"column":32},"end":{"line":54,"column":39}},"locations":[{"start":{"line":54,"column":32},"end":{"line":54,"column":39}}]},"6":{"type":"branch","line":54,"loc":{"start":{"line":54,"column":39},"end":{"line":54,"column":59}},"locations":[{"start":{"line":54,"column":39},"end":{"line":54,"column":59}}]},"7":{"type":"branch","line":56,"loc":{"start":{"line":56,"column":32},"end":{"line":56,"column":45}},"locations":[{"start":{"line":56,"column":32},"end":{"line":56,"column":45}}]},"8":{"type":"branch","line":56,"loc":{"start":{"line":56,"column":45},"end":{"line":56,"column":68}},"locations":[{"start":{"line":56,"column":45},"end":{"line":56,"column":68}}]},"9":{"type":"branch","line":57,"loc":{"start":{"line":57,"column":32},"end":{"line":57,"column":44}},"locations":[{"start":{"line":57,"column":32},"end":{"line":57,"column":44}}]},"10":{"type":"branch","line":57,"loc":{"start":{"line":57,"column":44},"end":{"line":57,"column":52}},"locations":[{"start":{"line":57,"column":44},"end":{"line":57,"column":52}}]},"11":{"type":"branch","line":71,"loc":{"start":{"line":71,"column":26},"end":{"line":76,"column":9}},"locations":[{"start":{"line":71,"column":26},"end":{"line":76,"column":9}}]},"12":{"type":"branch","line":72,"loc":{"start":{"line":72,"column":34},"end":{"line":72,"column":43}},"locations":[{"start":{"line":72,"column":34},"end":{"line":72,"column":43}}]},"13":{"type":"branch","line":72,"loc":{"start":{"line":72,"column":43},"end":{"line":72,"column":72}},"locations":[{"start":{"line":72,"column":43},"end":{"line":72,"column":72}}]},"14":{"type":"branch","line":73,"loc":{"start":{"line":73,"column":41},"end":{"line":73,"column":93}},"locations":[{"start":{"line":73,"column":41},"end":{"line":73,"column":93}}]},"15":{"type":"branch","line":74,"loc":{"start":{"line":74,"column":-1},"end":{"line":74,"column":47}},"locations":[{"start":{"line":74,"column":-1},"end":{"line":74,"column":47}}]},"16":{"type":"branch","line":74,"loc":{"start":{"line":74,"column":41},"end":{"line":74,"column":97}},"locations":[{"start":{"line":74,"column":41},"end":{"line":74,"column":97}}]},"17":{"type":"branch","line":75,"loc":{"start":{"line":75,"column":-1},"end":{"line":76,"column":9}},"locations":[{"start":{"line":75,"column":-1},"end":{"line":76,"column":9}}]},"18":{"type":"branch","line":77,"loc":{"start":{"line":77,"column":-1},"end":{"line":78,"column":41}},"locations":[{"start":{"line":77,"column":-1},"end":{"line":78,"column":41}}]},"19":{"type":"branch","line":78,"loc":{"start":{"line":78,"column":41},"end":{"line":78,"column":59}},"locations":[{"start":{"line":78,"column":41},"end":{"line":78,"column":59}}]},"20":{"type":"branch","line":79,"loc":{"start":{"line":79,"column":22},"end":{"line":79,"column":78}},"locations":[{"start":{"line":79,"column":22},"end":{"line":79,"column":78}}]},"21":{"type":"branch","line":80,"loc":{"start":{"line":80,"column":-1},"end":{"line":81,"column":5}},"locations":[{"start":{"line":80,"column":-1},"end":{"line":81,"column":5}}]},"22":{"type":"branch","line":83,"loc":{"start":{"line":83,"column":4},"end":{"line":88,"column":5}},"locations":[{"start":{"line":83,"column":4},"end":{"line":88,"column":5}}]},"23":{"type":"branch","line":90,"loc":{"start":{"line":90,"column":4},"end":{"line":96,"column":5}},"locations":[{"start":{"line":90,"column":4},"end":{"line":96,"column":5}}]},"24":{"type":"branch","line":98,"loc":{"start":{"line":98,"column":4},"end":{"line":100,"column":5}},"locations":[{"start":{"line":98,"column":4},"end":{"line":100,"column":5}}]},"25":{"type":"branch","line":102,"loc":{"start":{"line":102,"column":4},"end":{"line":108,"column":5}},"locations":[{"start":{"line":102,"column":4},"end":{"line":108,"column":5}}]},"26":{"type":"branch","line":110,"loc":{"start":{"line":110,"column":4},"end":{"line":139,"column":5}},"locations":[{"start":{"line":110,"column":4},"end":{"line":139,"column":5}}]},"27":{"type":"branch","line":115,"loc":{"start":{"line":115,"column":55},"end":{"line":115,"column":69}},"locations":[{"start":{"line":115,"column":55},"end":{"line":115,"column":69}}]},"28":{"type":"branch","line":131,"loc":{"start":{"line":131,"column":62},"end":{"line":131,"column":105}},"locations":[{"start":{"line":131,"column":62},"end":{"line":131,"column":105}}]},"29":{"type":"branch","line":131,"loc":{"start":{"line":131,"column":107},"end":{"line":131,"column":118}},"locations":[{"start":{"line":131,"column":107},"end":{"line":131,"column":118}}]},"30":{"type":"branch","line":132,"loc":{"start":{"line":132,"column":62},"end":{"line":132,"column":108}},"locations":[{"start":{"line":132,"column":62},"end":{"line":132,"column":108}}]},"31":{"type":"branch","line":132,"loc":{"start":{"line":132,"column":109},"end":{"line":132,"column":120}},"locations":[{"start":{"line":132,"column":109},"end":{"line":132,"column":120}}]},"32":{"type":"branch","line":144,"loc":{"start":{"line":144,"column":0},"end":{"line":151,"column":1}},"locations":[{"start":{"line":144,"column":0},"end":{"line":151,"column":1}}]},"33":{"type":"branch","line":145,"loc":{"start":{"line":145,"column":20},"end":{"line":151,"column":1}},"locations":[{"start":{"line":145,"column":20},"end":{"line":151,"column":1}}]},"34":{"type":"branch","line":147,"loc":{"start":{"line":147,"column":18},"end":{"line":149,"column":5}},"locations":[{"start":{"line":147,"column":18},"end":{"line":149,"column":5}}]}},"b":{"0":[14],"1":[14],"2":[1],"3":[13],"4":[10],"5":[3],"6":[8],"7":[3],"8":[8],"9":[3],"10":[8],"11":[4],"12":[3],"13":[1],"14":[1],"15":[3],"16":[1],"17":[2],"18":[6],"19":[5],"20":[1],"21":[5],"22":[1],"23":[1],"24":[6],"25":[1],"26":[2],"27":[1],"28":[1],"29":[1],"30":[1],"31":[1],"32":[3],"33":[2],"34":[1]},"fnMap":{"0":{"name":"<instance_members_initializer>","decl":{"start":{"line":39,"column":27},"end":{"line":140,"column":1}},"loc":{"start":{"line":39,"column":27},"end":{"line":140,"column":1}},"line":39},"1":{"name":"DeepSeekClient","decl":{"start":{"line":43,"column":4},"end":{"line":47,"column":5}},"loc":{"start":{"line":43,"column":4},"end":{"line":47,"column":5}},"line":43},"2":{"name":"post","decl":{"start":{"line":49,"column":12},"end":{"line":81,"column":5}},"loc":{"start":{"line":49,"column":12},"end":{"line":81,"column":5}},"line":49},"3":{"name":"getResponseFromHistory","decl":{"start":{"line":83,"column":4},"end":{"line":88,"column":5}},"loc":{"start":{"line":83,"column":4},"end":{"line":88,"column":5}},"line":83},"4":{"name":"getResponseWithSystem","decl":{"start":{"line":90,"column":4},"end":{"line":96,"column":5}},"loc":{"start":{"line":90,"column":4},"end":{"line":96,"column":5}},"line":90},"5":{"name":"ask","decl":{"start":{"line":98,"column":4},"end":{"line":100,"column":5}},"loc":{"start":{"line":98,"column":4},"end":{"line":100,"column":5}},"line":98},"6":{"name":"analyzeImage","decl":{"start":{"line":102,"column":4},"end":{"line":108,"column":5}},"loc":{"start":{"line":102,"column":4},"end":{"line":108,"column":5}},"line":102},"7":{"name":"generateWhatsAppDraft","decl":{"start":{"line":110,"column":4},"end":{"line":139,"column":5}},"loc":{"start":{"line":110,"column":4},"end":{"line":139,"column":5}},"line":110},"8":{"name":"getDeepSeekClient","decl":{"start":{"line":144,"column":0},"end":{"line":151,"column":1}},"loc":{"start":{"line":144,"column":0},"end":{"line":151,"column":1}},"line":144}},"f":{"0":14,"1":14,"2":10,"3":1,"4":1,"5":6,"6":1,"7":2,"8":3}}
,"/home/gvsr/code/zapper/src/llm/gemini.ts": {"path":"/home/gvsr/code/zapper/src/llm/gemini.ts","all":false,"statementMap":{"0":{"start":{"line":1,"column":0},"end":{"line":1,"column":8}},"1":{"start":{"line":2,"column":0},"end":{"line":2,"column":20}},"2":{"start":{"line":3,"column":0},"end":{"line":3,"column":25}},"3":{"start":{"line":4,"column":0},"end":{"line":4,"column":20}},"4":{"start":{"line":5,"column":0},"end":{"line":5,"column":21}},"5":{"start":{"line":6,"column":0},"end":{"line":6,"column":26}},"6":{"start":{"line":7,"column":0},"end":{"line":7,"column":22}},"7":{"start":{"line":8,"column":0},"end":{"line":8,"column":68}},"8":{"start":{"line":9,"column":0},"end":{"line":9,"column":74}},"9":{"start":{"line":10,"column":0},"end":{"line":10,"column":0}},"10":{"start":{"line":11,"column":0},"end":{"line":11,"column":22}},"11":{"start":{"line":12,"column":0},"end":{"line":12,"column":18}},"12":{"start":{"line":13,"column":0},"end":{"line":13,"column":54}},"13":{"start":{"line":14,"column":0},"end":{"line":14,"column":1}},"14":{"start":{"line":15,"column":0},"end":{"line":15,"column":0}},"15":{"start":{"line":16,"column":0},"end":{"line":16,"column":25}},"16":{"start":{"line":17,"column":0},"end":{"line":17,"column":27}},"17":{"start":{"line":18,"column":0},"end":{"line":18,"column":24}},"18":{"start":{"line":19,"column":0},"end":{"line":19,"column":1}},"19":{"start":{"line":20,"column":0},"end":{"line":20,"column":0}},"20":{"start":{"line":21,"column":0},"end":{"line":21,"column":25}},"21":{"start":{"line":22,"column":0},"end":{"line":22,"column":30}},"22":{"start":{"line":23,"column":0},"end":{"line":23,"column":48}},"23":{"start":{"line":24,"column":0},"end":{"line":24,"column":74}},"24":{"start":{"line":25,"column":0},"end":{"line":25,"column":1}},"25":{"start":{"line":26,"column":0},"end":{"line":26,"column":0}},"26":{"start":{"line":27,"column":0},"end":{"line":27,"column":26}},"27":{"start":{"line":28,"column":0},"end":{"line":28,"column":24}},"28":{"start":{"line":29,"column":0},"end":{"line":29,"column":31}},"29":{"start":{"line":30,"column":0},"end":{"line":30,"column":29}},"30":{"start":{"line":31,"column":0},"end":{"line":31,"column":7}},"31":{"start":{"line":32,"column":0},"end":{"line":32,"column":62}},"32":{"start":{"line":33,"column":0},"end":{"line":33,"column":1}},"33":{"start":{"line":34,"column":0},"end":{"line":34,"column":0}},"34":{"start":{"line":35,"column":0},"end":{"line":35,"column":27}},"35":{"start":{"line":36,"column":0},"end":{"line":36,"column":27}},"36":{"start":{"line":37,"column":0},"end":{"line":37,"column":26}},"37":{"start":{"line":38,"column":0},"end":{"line":38,"column":0}},"38":{"start":{"line":39,"column":0},"end":{"line":39,"column":63}},"39":{"start":{"line":40,"column":0},"end":{"line":40,"column":68}},"40":{"start":{"line":41,"column":0},"end":{"line":41,"column":29}},"41":{"start":{"line":42,"column":0},"end":{"line":42,"column":28}},"42":{"start":{"line":43,"column":0},"end":{"line":43,"column":5}},"43":{"start":{"line":44,"column":0},"end":{"line":44,"column":0}},"44":{"start":{"line":45,"column":0},"end":{"line":45,"column":23}},"45":{"start":{"line":46,"column":0},"end":{"line":46,"column":34}},"46":{"start":{"line":47,"column":0},"end":{"line":47,"column":30}},"47":{"start":{"line":48,"column":0},"end":{"line":48,"column":79}},"48":{"start":{"line":49,"column":0},"end":{"line":49,"column":24}},"49":{"start":{"line":50,"column":0},"end":{"line":50,"column":40}},"50":{"start":{"line":51,"column":0},"end":{"line":51,"column":21}},"51":{"start":{"line":52,"column":0},"end":{"line":52,"column":31}},"52":{"start":{"line":53,"column":0},"end":{"line":53,"column":54}},"53":{"start":{"line":54,"column":0},"end":{"line":54,"column":53}},"54":{"start":{"line":55,"column":0},"end":{"line":55,"column":14}},"55":{"start":{"line":56,"column":0},"end":{"line":56,"column":10}},"56":{"start":{"line":57,"column":0},"end":{"line":57,"column":0}},"57":{"start":{"line":58,"column":0},"end":{"line":58,"column":27}},"58":{"start":{"line":59,"column":0},"end":{"line":59,"column":76}},"59":{"start":{"line":60,"column":0},"end":{"line":60,"column":9}},"60":{"start":{"line":61,"column":0},"end":{"line":61,"column":0}},"61":{"start":{"line":62,"column":0},"end":{"line":62,"column":57}},"62":{"start":{"line":63,"column":0},"end":{"line":63,"column":91}},"63":{"start":{"line":64,"column":0},"end":{"line":64,"column":0}},"64":{"start":{"line":65,"column":0},"end":{"line":65,"column":43}},"65":{"start":{"line":66,"column":0},"end":{"line":66,"column":27}},"66":{"start":{"line":67,"column":0},"end":{"line":67,"column":60}},"67":{"start":{"line":68,"column":0},"end":{"line":68,"column":42}},"68":{"start":{"line":69,"column":0},"end":{"line":69,"column":11}},"69":{"start":{"line":70,"column":0},"end":{"line":70,"column":0}},"70":{"start":{"line":71,"column":0},"end":{"line":71,"column":61}},"71":{"start":{"line":72,"column":0},"end":{"line":72,"column":0}},"72":{"start":{"line":73,"column":0},"end":{"line":73,"column":27}},"73":{"start":{"line":74,"column":0},"end":{"line":74,"column":73}},"74":{"start":{"line":75,"column":0},"end":{"line":75,"column":87}},"75":{"start":{"line":76,"column":0},"end":{"line":76,"column":91}},"76":{"start":{"line":77,"column":0},"end":{"line":77,"column":95}},"77":{"start":{"line":78,"column":0},"end":{"line":78,"column":56}},"78":{"start":{"line":79,"column":0},"end":{"line":79,"column":9}},"79":{"start":{"line":80,"column":0},"end":{"line":80,"column":0}},"80":{"start":{"line":81,"column":0},"end":{"line":81,"column":69}},"81":{"start":{"line":82,"column":0},"end":{"line":82,"column":73}},"82":{"start":{"line":83,"column":0},"end":{"line":83,"column":20}},"83":{"start":{"line":84,"column":0},"end":{"line":84,"column":5}},"84":{"start":{"line":85,"column":0},"end":{"line":85,"column":0}},"85":{"start":{"line":86,"column":0},"end":{"line":86,"column":29}},"86":{"start":{"lin
[...]
mn":0}},"52":{"start":{"line":53,"column":0},"end":{"line":53,"column":36}},"53":{"start":{"line":54,"column":0},"end":{"line":54,"column":26}},"54":{"start":{"line":55,"column":0},"end":{"line":55,"column":40}},"55":{"start":{"line":56,"column":0},"end":{"line":56,"column":31}},"56":{"start":{"line":57,"column":0},"end":{"line":57,"column":31}},"57":{"start":{"line":58,"column":0},"end":{"line":58,"column":9}},"58":{"start":{"line":59,"column":0},"end":{"line":59,"column":5}},"59":{"start":{"line":60,"column":0},"end":{"line":60,"column":0}},"60":{"start":{"line":61,"column":0},"end":{"line":61,"column":24}},"61":{"start":{"line":62,"column":0},"end":{"line":62,"column":26}},"62":{"start":{"line":63,"column":0},"end":{"line":63,"column":5}},"63":{"start":{"line":64,"column":0},"end":{"line":64,"column":0}},"64":{"start":{"line":65,"column":0},"end":{"line":65,"column":38}},"65":{"start":{"line":66,"column":0},"end":{"line":66,"column":27}},"66":{"start":{"line":67,"column":0},"end":{"line":67,"column":63}},"67":{"start":{"line":68,"column":0},"end":{"line":68,"column":9}},"68":{"start":{"line":69,"column":0},"end":{"line":69,"column":38}},"69":{"start":{"line":70,"column":0},"end":{"line":70,"column":5}},"70":{"start":{"line":71,"column":0},"end":{"line":71,"column":0}},"71":{"start":{"line":72,"column":0},"end":{"line":72,"column":87}},"72":{"start":{"line":73,"column":0},"end":{"line":73,"column":27}},"73":{"start":{"line":74,"column":0},"end":{"line":74,"column":63}},"74":{"start":{"line":75,"column":0},"end":{"line":75,"column":9}},"75":{"start":{"line":76,"column":0},"end":{"line":76,"column":0}},"76":{"start":{"line":77,"column":0},"end":{"line":77,"column":58}},"77":{"start":{"line":78,"column":0},"end":{"line":78,"column":65}},"78":{"start":{"line":79,"column":0},"end":{"line":79,"column":61}},"79":{"start":{"line":80,"column":0},"end":{"line":80,"column":0}},"80":{"start":{"line":81,"column":0},"end":{"line":81,"column":64}},"81":{"start":{"line":82,"column":0},"end":{"line":82,"column":35}},"82":{"start":{"line":83,"column":0},"end":{"line":83,"column":80}},"83":{"start":{"line":84,"column":0},"end":{"line":84,"column":33}},"84":{"start":{"line":85,"column":0},"end":{"line":85,"column":37}},"85":{"start":{"line":86,"column":0},"end":{"line":86,"column":40}},"86":{"start":{"line":87,"column":0},"end":{"line":87,"column":44}},"87":{"start":{"line":88,"column":0},"end":{"line":88,"column":33}},"88":{"start":{"line":89,"column":0},"end":{"line":89,"column":29}},"89":{"start":{"line":90,"column":0},"end":{"line":90,"column":44}},"90":{"start":{"line":91,"column":0},"end":{"line":91,"column":12}},"91":{"start":{"line":92,"column":0},"end":{"line":92,"column":5}},"92":{"start":{"line":93,"column":0},"end":{"line":93,"column":0}},"93":{"start":{"line":94,"column":0},"end":{"line":94,"column":24}},"94":{"start":{"line":95,"column":0},"end":{"line":95,"column":23}},"95":{"start":{"line":96,"column":0},"end":{"line":96,"column":25}},"96":{"start":{"line":97,"column":0},"end":{"line":97,"column":59}},"97":{"start":{"line":98,"column":0},"end":{"line":98,"column":27}},"98":{"start":{"line":99,"column":0},"end":{"line":99,"column":63}},"99":{"start":{"line":100,"column":0},"end":{"line":100,"column":9}},"100":{"start":{"line":101,"column":0},"end":{"line":101,"column":0}},"101":{"start":{"line":102,"column":0},"end":{"line":102,"column":58}},"102":{"start":{"line":103,"column":0},"end":{"line":103,"column":0}},"103":{"start":{"line":104,"column":0},"end":{"line":104,"column":63}},"104":{"start":{"line":105,"column":0},"end":{"line":105,"column":45}},"105":{"start":{"line":106,"column":0},"end":{"line":106,"column":69}},"106":{"start":{"line":107,"column":0},"end":{"line":107,"column":65}},"107":{"start":{"line":108,"column":0},"end":{"line":108,"column":82}},"108":{"start":{"line":109,"column":0},"end":{"line":109,"column":0}},"109":{"start":{"line":110,"column":0},"end":{"line":110,"column":38}},"110":{"start":{"line":111,"column":0},"end":{"line":111,"column":56}},"111":{"start":{"line":112,"column":0},"end":{"line":112,"column":28}},"112":{"start":{"line":113,"column":0},"end":{"line":113,"column":28}},"113":{"start":{"line":114,"column":0},"end":{"line":114,"column":49}},"114":{"start":{"line":115,"column":0},"end":{"line":115,"column":59}},"115":{"start":{"line":116,"column":0},"end":{"line":116,"column":22}},"116":{"start":{"line":117,"column":0},"end":{"line":117,"column":17}},"117":{"start":{"line":118,"column":0},"end":{"line":118,"column":13}},"118":{"start":{"line":119,"column":0},"end":{"line":119,"column":0}},"119":{"start":{"line":120,"column":0},"end":{"line":120,"column":42}},"120":{"start":{"line":121,"column":0},"end":{"line":121,"column":59}},"121":{"start":{"line":122,"column":0},"end":{"line":122,"column":13}},"122":{"start":{"line":123,"column":0},"end":{"line":123,"column":9}},"123":{"start":{"line":124,"column":0},"end":{"line":124,"column":0}},"124":{"start":{"line":125,"column":0},"end":{"line":125,"column":20}},"125":{"start":{"line":126,"column":0},"end":{"line":126,"column":5}},"126":{"start":{"line":127,"column":0},"end":{"line":127,"column":0}},"127":{"start":{"line":128,"column":0},"end":{"line":128,"column":53}},"128":{"start":{"line":129,"column":0},"end":{"line":129,"column":35}},"129":{"start":{"line":130,"column":0},"end":{"line":130,"column":78}},"130":{"start":{"line":131,"column":0},"end":{"line":131,"column":9}},"131":{"start":{"line":132,"column":0},"end":{"line":132,"column":49}},"132":{"start":{"line":133,"column":0},"end":{"line":133,"column":32}},"133":{"start":{"line":134,"column":0},"end":{"line":134,"column":5}},"134":{"start":{"line":135,"column":0},"end":{"line":135,"column":1}}},"s":{"0":1,"1":1,"2":1,"3":1,"4":1,"5":1,"6":1,"7":1,"8":1,"9":1,"10":1,"11":11,"12":11,"13":11,"14":11,"15":5,"16":5,"17":5,"18":5,"19":5,"20":5,"21":5,"22":5,"23":5,"24":5,"25":5,"26":5,"27":5,"28":5,"29":5,"30":5,"31":5,"32":0,"33":0,"34":5,"35":5,"36":5,"37":0,"38":0,"39":0,"40":0,"41":0,"42":0,"43":0,"44":0,"45":0,"46":5,"47":5,"48":5,"49":5,"50":5,"51":11,"52":11,"53":1,"54":1,"55":1,"56":1,"57":1,"58":1,"59":11,"60":11,"61":3,"62":3,"63":11,"64":11,"65":0,"66":0,"67":0,"68":0,"69":0,"70":11,"71":11,"72":2,"73":1,"74":1,"75":1,"76":1,"77":1,"78":1,"79":1,"80":1,"81":1,"82":1,"83":1,"84":1,"85":1,"86":1,"87":1,"88":1,"89":1,"90":1,"91":1,"92":11,"93":11,"94":3,"95":3,"96":3,"97":3,"98":1,"99":1,"100":2,"101":2,"102":2,"103":2,"104":2,"105":2,"106":2,"107":2,"108":2,"109":2,"110":1,"111":1,"112":1,"113":1,"114":1,"115":1,"116":1,"117":1,"118":1,"119":1,"120":1,"121":1,"122":2,"123":1,"124":1,"125":1,"126":11,"127":11,"128":6,"129":2,"130":2,"131":4,"132":4,"133":4,"134":11},"branchMap":{"0":{"type":"branch","line":11,"loc":{"start":{"line":11,"column":27},"end":{"line":135,"column":1}},"locations":[{"start":{"line":11,"column":27},"end":{"line":135,"column":1}}]},"1":{"type":"branch","line":15,"loc":{"start":{"line":15,"column":4},"end":{"line":51,"column":5}},"locations":[{"start":{"line":15,"column":4},"end":{"line":51,"column":5}}]},"2":{"type":"branch","line":25,"loc":{"start":{"line":25,"column":33},"end":{"line":50,"column":9}},"locations":[{"start":{"line":25,"column":33},"end":{"line":50,"column":9}}]},"3":{"type":"branch","line":26,"loc":{"start":{"line":26,"column":36},"end":{"line":30,"column":13}},"locations":[{"start":{"line":26,"column":36},"end":{"line":30,"column":13}}]},"4":{"type":"branch","line":53,"loc":{"start":{"line":53,"column":4},"end":{"line":59,"column":5}},"locations":[{"start":{"line":53,"column":4},"end":{"line":59,"column":5}}]},"5":{"type":"branch","line":61,"loc":{"start":{"line":61,"column":4},"end":{"line":63,"column":5}},"locations":[{"start":{"line":61,"column":4},"end":{"line":63,"column":5}}]},"6":{"type":"branch","line":72,"loc":{"start":{"line":72,"column":4},"end":{"line":92,"column":5}},"locations":[{"start":{"line":72,"column":4},"end":{"line":92,"column":5}}]},"7":{"type":"branch","line":73,"loc":{"start":{"line":73,"column":26},"end":{"line":92,"column":5}},"locations":[{"start":{"line":73,"column":26},"end":{"line":92,"column":5}}]},"8":{"type":"branch","line":81,"loc":{"start":{"line":81,"column":28},"end":{"line":91,"column":10}},"locations":[{"start":{"line":81,"column":28},"end":{"line":91,"column":10}}]},"9":{"type":"branch","line":84,"loc":{"start":{"line":84,"column":26},"end":{"line":84,"column":32}},"locations":[{"start":{"line":84,"column":26},"end":{"line":84,"column":32}}]},"10":{"type":"branch","line":85,"loc":{"start":{"line":85,"column":26},"end":{"line":85,"column":36}},"locations":[{"start":{"line":85,"column":26},"end":{"line":85,"column":36}}]},"11":{"type":"branch","line":86,"loc":{"start":{"line":86,"column":30},"end":{"line":86,"column":39}},"locations":[{"start":{"line":86,"column":30},"end":{"line":86,"column":39}}]},"12":{"type":"branch","line":87,"loc":{"start":{"line":87,"column":34},"end":{"line":87,"column":43}},"locations":[{"start":{"line":87,"column":34},"end":{"line":87,"column":43}}]},"13":{"type":"branch","line":88,"loc":{"start":{"line":88,"column":26},"end":{"line":88,"column":32}},"locations":[{"start":{"line":88,"column":26},"end":{"line":88,"column":32}}]},"14":{"type":"branch","line":89,"loc":{"start":{"line":89,"column":22},"end":{"line":89,"column":28}},"locations":[{"start":{"line":89,"column":22},"end":{"line":89,"column":28}}]},"15":{"type":"branch","line":94,"loc":{"start":{"line":94,"column":4},"end":{"line":126,"column":5}},"locations":[{"start":{"line":94,"column":4},"end":{"line":126,"column":5}}]},"16":{"type":"branch","line":98,"loc":{"start":{"line":98,"column":26},"end":{"line":100,"column":9}},"locations":[{"start":{"line":98,"column":26},"end":{"line":100,"column":9}}]},"17":{"type":"branch","line":101,"loc":{"start":{"line":101,"column":-1},"end":{"line":123,"column":9}},"locations":[{"start":{"line":101,"column":-1},"end":{"line":123,"column":9}}]},"18":{"type":"branch","line":110,"loc":{"start":{"line":110,"column":37},"end":{"line":122,"column":13}},"locations":[{"start":{"line":110,"column":37},"end":{"line":122,"column":13}}]},"19":{"type":"branch","line":124,"loc":{"start":{"line":124,"column":-1},"end":{"line":126,"column":5}},"locations":[{"start":{"line":124,"column":-1},"end":{"line":126,"column":5}}]},"20":{"type":"branch","line":108,"loc":{"start":{"line":108,"column":38},"end":{"line":108,"column":80}},"locations":[{"start":{"line":108,"column":38},"end":{"line":108,"column":80}}]},"21":{"type":"branch","line":128,"loc":{"start":{"line":128,"column":12},"end":{"line":134,"column":5}},"locations":[{"start":{"line":128,"column":12},"end":{"line":134,"column":5}}]},"22":{"type":"branch","line":129,"loc":{"start":{"line":129,"column":34},"end":{"line":131,"column":9}},"locations":[{"start":{"line":129,"column":34},"end":{"line":131,"column":9}}]},"23":{"type":"branch","line":132,"loc":{"start":{"line":132,"column":-1},"end":{"line":134,"column":5}},"locations":[{"start":{"line":132,"column":-1},"end":{"line":134,"column":5}}]}},"b":{"0":[11],"1":[5],"2":[5],"3":[5],"4":[1],"5":[3],"6":[2],"7":[1],"8":[1],"9":[0],"10":[0],"11":[0],"12":[0],"13":[0],"14":[0],"15":[3],"16":[1],"17":[2],"18":[1],"19":[1],"20":[2],"21":[6],"22":[2],"23":[4]},"fnMap":{"0":{"name":"<instance_members_initializer>","decl":{"start":{"line":11,"column":27},"end":{"line":135,"column":1}},"loc":{"start":{"line":11,"column":27},"end":{"line":135,"column":1}},"line":11},"1":{"name":"connect","decl":{"start":{"line":15,"column":4},"end":{"line":51,"column":5}},"loc":{"start":{"line":15,"column":4},"end":{"line":51,"column":5}},"line":15},"2":{"name":"destroy","decl":{"start":{"line":53,"column":4},"end":{"line":59,"column":5}},"loc":{"start":{"line":53,"column":4},"end":{"line":59,"column":5}},"line":53},"3":{"name":"isReady","decl":{"start":{"line":61,"column":4},"end":{"line":63,"column":5}},"loc":{"start":{"line":61,"column":4},"end":{"line":63,"column":5}},"line":61},"4":{"name":"getChats","decl":{"start":{"line":65,"column":4},"end":{"line":70,"column":5}},"loc":{"start":{"line":65,"column":4},"end":{"line":70,"column":5}},"line":65},"5":{"name":"fetchMessages","decl":{"start":{"line":72,"column":4},"end":{"line":92,"column":5}},"loc":{"start":{"line":72,"column":4},"end":{"line":92,"column":5}},"line":72},"6":{"name":"downloadMedia","decl":{"start":{"line":94,"column":4},"end":{"line":126,"column":5}},"loc":{"start":{"line":94,"column":4},"end":{"line":126,"column":5}},"line":94},"7":{"name":"normalizeChatId","decl":{"start":{"line":128,"column":12},"end":{"line":134,"column":5}},"loc":{"start":{"line":128,"column":12},"end":{"line":134,"column":5}},"line":128}},"f":{"0":11,"1":5,"2":1,"3":3,"4":0,"5":2,"6":3,"7":6}}
,"/home/gvsr/code/zapper/src/transcription/deepgram.ts": {"path":"/home/gvsr/code/zapper/src/transcription/deepgram.ts","all":false,"statementMap":{"0":{"start":{"line":1,"column":0},"end":{"line":1,"column":65}},"1":{"start":{"line":2,"column":0},"end":{"line":2,"column":26}},"2":{"start":{"line":3,"column":0},"end":{"line":3,"column":0}},"3":{"start":{"line":4,"column":0},"end":{"line":4,"column":28}},"4":{"start":{"line":5,"column":0},"end":{"line":5,"column":14}},"5":{"start":{"line":6,"column":0},"end":{"line":6,"column":25}},"6":{"start":{"line":7,"column":0},"end":{"line":7,"column":33}},"7":{"start":{"line":8,"column":0},"end":{"line":8,"column":35}},"8":{"start":{"line":9,"column":0},"end":{"line":9,"column":35}},"9":{"start":{"line":10,"column":0},"end":{"line":10,"column":15}},"10":{"start":{"line":11,"column":0},"end":{"line":11,"column":11}},"11":{"start":{"line":12,"column":0},"end":{"line":12,"column":6}},"12":{"start":{"line":13,"column":0},"end":{"line":13,"column":1}},"13":{"start":{"line":14,"column":0},"end":{"line":14,"column":0}},"14":{"start":{"line":15,"column":0},"end":{"line":15,"column":3}},"15":{"start":{"line":16,"column":0},"end":{"line":16,"column":59}},"16":{"start":{"line":17,"column":0},"end":{"line":17,"column":75}},"17":{"start":{"line":18,"column":0},"end":{"line":18,"column":3}},"18":{"start":{"line":19,"column":0},"end":{"line":19,"column":38}},"19":{"start":{"line":20,"column":0},"end":{"line":20,"column":24}},"20":{"start":{"line":21,"column":0},"end":{"line":21,"column":21}},"21":{"start":{"line":22,"column":0},"end":{"line":22,"column":27}},"22":{"start":{"line":23,"column":0},"end":{"line":23,"column":48}},"23":{"start":{"line":24,"column":0},"end":{"line":24,"column":18}},"24":{"start":{"line":25,"column":0},"end":{"line":25,"column":104}},"25":{"start":{"line":26,"column":0},"end":{"line":26,"column":20}},"26":{"start":{"line":27,"column":0},"end":{"line":27,"column":5}},"27":{"start":{"line":28,"column":0},"end":{"line":28,"column":0}},"28":{"start":{"line":29,"column":0},"end":{"line":29,"column":40}},"29":{"start":{"line":30,"column":0},"end":{"line":30,"column":30}},"30":{"start":{"line":31,"column":0},"end":{"line":31,"column":29}},"31":{"start":{"line":32,"column":0},"end":{"line":32,"column":32}},"32":{"start":{"line":33,"column":0},"end":{"line":33,"column":7}},"33":{"start":{"line":34,"column":0},"end":{"line":34,"column":0}},"34":{"start":{"line":35,"column":0},"end":{"line":35,"column":49}},"35":{"start":{"line":36,"column":0},"end":{"line":36,"column":0}},"36":{"start":{"line":37,"column":0},"end":{"line":37,"column":71}},"37":{"start":{"line":38,"column":0},"end":{"line":38,"column":54}},"38":{"start":{"line":39,"column":0},"end":{"line":39,"column":0}},"39":{"start":{"line":40,"column":0},"end":{"line":40,"column":132}},"40":{"start":{"line":41,"column":0},"end":{"line":41,"column":0}},"41":{"start":{"line":42,"column":0},"end":{"line":42,"column":39}},"42":{"start":{"line":43,"column":0},"end":{"line":43,"column":23}},"43":{"start":{"line":44,"column":0},"end":{"line":44,"column":18}},"44":{"start":{"line":45,"column":0},"end":{"line":45,"column":47}},"45":{"start":{"line":46,"column":0},"end":{"line":46,"column":40}},"46":{"start":{"line":47,"column":0},"end":{"line":47,"column":10}},"47":{"start":{"line":48,"column":0},"end":{"line":48,"column":42}},"48":{"start":{"line":49,"column":0},"end":{"line":49,"column":7}},"49":{"start":{"line":50,"column":0},"end":{"line":50,"column":0}},"50":{"start":{"line":51,"column":0},"end":{"line":51,"column":23}},"51":{"start":{"line":52,"column":0},"end":{"line":52,"column":48}},"52":{"start":{"line":53,"column":0},"end":{"line":53,"column":103}},"53":{"start":{"line":54,"column":0},"end":{"line":54,"column":20}},"54":{"start":{"line":55,"column":0},"end":{"line":55,"column":5}},"55":{"start":{"line":56,"column":0},"end":{"line":56,"column":0}},"56":{"start":{"line":57,"column":0},"end":{"line":57,"column":61}},"57":{"start":{"line":58,"column":0},"end":{"line":58,"column":90}},"58":{"start":{"line":59,"column":0},"end":{"line":59,"column":0}},"59":{"start":{"line":60,"column":0},"end":{"line":60,"column":22}},"60":{"start":{"line":61,"column":0},"end":{"line":61,"column":143}},"61":{"start":{"line":62,"column":0},"end":{"line":62,"column":20}},"62":{"start":{"line":63,"column":0},"end":{"line":63,"column":5}},"63":{"start":{"line":64,"column":0},"end":{"line":64,"column":0}},"64":{"start":{"line":65,"column":0},"end":{"line":65,"column":115}},"65":{"start":{"line":66,"column":0},"end":{"line":66,"column":22}},"66":{"start":{"line":67,"column":0},"end":{"line":67,"column":1}}},"s":{"0":1,"1":1,"2":1,"3":1,"4":1,"5":1,"6":1,"7":1,"8":1,"9":1,"10":1,"11":1,"12":1,"13":1,"14":1,"15":1,"16":1,"17":1,"18":1,"19":5,"20":5,"21":5,"22":5,"23":5,"24":1,"25":1,"26":1,"27":4,"28":4,"29":4,"30":4,"31":4,"32":4,"33":4,"34":4,"35":4,"36":4,"37":4,"38":4,"39":4,"40":4,"41":4,"42":4,"43":4,"44":4,"45":4,"46":4,"47":4,"48":4,"49":4,"50":5,"51":1,"52":1,"53":1,"54":1,"55":3,"56":3,"57":5,"58":5,"59":5,"60":1,"61":1,"62":1,"63":2,"64":5,"65":5,"66":5},"branchMap":{"0":{"type":"branch","line":19,"loc":{"start":{"line":19,"column":7},"end":{"line":67,"column":1}},"locations":[{"start":{"line":19,"column":7},"end":{"line":67,"column":1}}]},"1":{"type":"branch","line":24,"loc":{"start":{"line":24,"column":17},"end":{"line":27,"column":5}},"locations":[{"start":{"line":24,"column":17},"end":{"line":27,"column":5}}]},"2":{"type":"branch","line":28,"loc":{"start":{"line":28,"column":-1},"end":{"line":51,"column":22}},"locations":[{"start":{"line":28,"column":-1},"end":{"line":51,"column":22}}]},"3":{"type":"branch","line":51,"loc":{"start":{"line":51,"column":22},"end":{"line":55,"column":5}},"locations":[{"start":{"line":51,"column":22},"end":{"line":55,"column":5}}]},"4":{"type":"branch","line":56,"loc":{"start":{"line":56,"column":-1},"end":{"line":58,"column":69}},"locations":[{"start":{"line":56,"column":-1},"end":{"line":58,"column":69}}]},"5":{"type":"branch","line":58,"loc":{"start":{"line":58,"column":69},"end":{"line":58,"column":87}},"locations":[{"start":{"line":58,"column":69},"end":{"line":58,"column":87}}]},"6":{"type":"branch","line":60,"loc":{"start":{"line":60,"column":21},"end":{"line":63,"column":5}},"locations":[{"start":{"line":60,"column":21},"end":{"line":63,"column":5}}]},"7":{"type":"branch","line":64,"loc":{"start":{"line":64,"column":-1},"end":{"line":65,"column":99}},"locations":[{"start":{"line":64,"column":-1},"end":{"line":65,"column":99}}]},"8":{"type":"branch","line":65,"loc":{"start":{"line":65,"column":99},"end":{"line":65,"column":104}},"locations":[{"start":{"line":65,"column":99},"end":{"line":65,"column":104}}]},"9":{"type":"branch","line":65,"loc":{"start":{"line":65,"column":105},"end":{"line":65,"column":109}},"locations":[{"start":{"line":65,"column":105},"end":{"line":65,"column":109}}]}},"b":{"0":[5],"1":[1],"2":[4],"3":[1],"4":[3],"5":[2],"6":[1],"7":[2],"8":[1],"9":[1]},"fnMap":{"0":{"name":"transcribeAudio","decl":{"start":{"line":19,"column":7},"end":{"line":67,"column":1}},"loc":{"start":{"line":19,"column":7},"end":{"line":67,"column":1}},"line":19}},"f":{"0":5}}
}
