TN:
SF:src/constants.ts
FN:28,getMaxDraftParts
FN:56,getSystemPrompt
FNF:2
FNH:2
FNDA:10,getMaxDraftParts
FNDA:10,getSystemPrompt
DA:1,1
DA:2,1
DA:3,1
DA:4,1
DA:5,1
DA:6,1
DA:7,1
DA:8,1
DA:9,1
DA:10,1
DA:11,1
DA:12,1
DA:13,1
DA:14,1
DA:15,1
DA:16,1
DA:17,1
DA:18,1
DA:19,1
DA:20,1
DA:21,1
DA:22,1
DA:23,1
DA:24,1
DA:25,1
DA:26,1
DA:27,1
DA:28,10
DA:29,10
DA:30,10
DA:31,10
DA:32,1
DA:33,1
DA:34,1
DA:35,1
DA:36,1
DA:37,1
DA:38,1
DA:39,1
DA:40,1
DA:41,1
DA:42,1
DA:43,1
DA:44,1
DA:45,1
DA:46,1
DA:47,1
DA:48,1
DA:49,1
DA:50,1
DA:51,1
DA:52,1
DA:53,1
DA:54,1
DA:55,1
DA:56,10
DA:57,10
DA:58,10
DA:59,10
DA:60,8
DA:61,8
DA:62,8
DA:63,8
DA:64,8
DA:65,2
DA:66,2
DA:67,2
DA:68,2
DA:69,2
DA:70,2
DA:71,2
DA:72,2
DA:73,2
DA:74,2
DA:75,1
DA:76,1
DA:77,1
DA:78,1
DA:79,1
DA:80,1
DA:81,1
DA:82,1
DA:83,1
DA:84,1
DA:85,1
DA:86,1
LF:86
LH:86
BRDA:10,0,0,1
BRDA:11,1,0,22
BRDA:28,2,0,10
BRDA:29,3,0,7
BRDA:30,4,0,2
BRDA:30,5,0,1
BRDA:30,6,0,9
BRDA:56,7,0,10
BRDA:57,8,0,2
BRDA:57,9,0,8
BRDA:59,10,0,8
BRDA:65,11,0,2
BRF:12
BRH:12
end_of_record
TN:
SF:src/debug.ts
FN:12,debugLog
FN:21,debugPrompt
FN:48,debugResponse
FN:67,debugImageAnalysis
FNF:4
FNH:4
FNDA:2,debugLog
FNDA:8,debugPrompt
FNDA:8,debugResponse
FNDA:4,debugImageAnalysis
DA:1,1
DA:2,1
DA:3,1
DA:4,1
DA:5,1
DA:6,1
DA:7,1
DA:8,1
DA:9,1
DA:10,1
DA:11,1
DA:12,2
DA:13,2
DA:14,1
DA:15,1
DA:16,1
DA:17,1
DA:18,1
DA:19,1
DA:20,1
DA:21,8
DA:22,8
DA:23,8
DA:24,8
DA:25,8
DA:26,8
DA:27,8
DA:28,8
DA:29,1
DA:30,1
DA:31,1
DA:32,1
DA:33,1
DA:34,1
DA:35,1
DA:36,1
DA:37,1
DA:38,1
DA:39,1
DA:40,1
DA:41,1
DA:42,1
DA:43,1
DA:44,1
DA:45,1
DA:46,1
DA:47,1
DA:48,8
DA:49,8
DA:50,1
DA:51,1
DA:52,1
DA:53,1
DA:54,1
DA:55,1
DA:56,1
DA:57,1
DA:58,1
DA:59,1
DA:60,1
DA:61,1
DA:62,1
DA:63,1
DA:64,1
DA:65,1
DA:66,1
DA:67,4
DA:68,4
DA:69,4
DA:70,4
DA:71,4
DA:72,4
DA:73,4
DA:74,4
DA:75,4
DA:76,1
DA:77,1
DA:78,1
DA:79,1
DA:80,1
DA:81,1
DA:82,1
DA:83,1
DA:84,1
DA:85,1
DA:86,1
DA:87,1
DA:88,1
DA:89,1
DA:90,1
DA:91,1
DA:92,1
DA:93,1
DA:94,1
LF:94
LH:94
BRDA:12,0,0,2
BRDA:13,1,0,1
BRDA:21,2,0,8
BRDA:28,3,0,7
BRDA:29,4,0,1
BRDA:39,5,0,2
BRDA:43,6,0,2
BRDA:48,7,0,8
BRDA:49,8,0,7
BRDA:50,9,0,1
BRDA:55,10,0,2
BRDA:59,11,0,1
BRDA:61,12,0,2
BRDA:67,13,0,4
BRDA:75,14,0,3
BRDA:76,15,0,1
BRDA:87,16,0,2
BRDA:91,17,0,2
BRF:18
BRH:18
end_of_record
TN:
SF:src/server.ts
FN:6,createApp
FNF:1
FNH:1
FNDA:34,createApp
DA:1,1
DA:2,1
DA:3,1
DA:4,1
DA:5,1
DA:6,34
DA:7,34
DA:8,34
DA:9,34
DA:10,34
DA:11,34
DA:12,3
DA:13,3
DA:14,3
DA:15,2
DA:16,2
DA:17,2
DA:18,2
DA:19,2
DA:20,3
DA:21,1
DA:22,1
DA:23,34
DA:24,34
DA:25,34
DA:26,34
DA:27,3
DA:28,3
DA:29,2
DA:30,3
DA:31,1
DA:32,1
DA:33,34
DA:34,34
DA:35,34
DA:36,34
DA:37,8
DA:38,8
DA:39,8
DA:40,8
DA:41,3
DA:42,3
DA:43,3
DA:44,5
DA:45,5
DA:46,5
DA:47,8
DA:48,8
DA:49,8
DA:50,8
DA:51,8
DA:52,8
DA:53,8
DA:54,8
DA:55,8
DA:56,8
DA:57,4
DA:58,8
DA:59,1
DA:60,1
DA:61,34
DA:62,34
DA:63,34
DA:64,34
DA:65,3
DA:66,3
DA:67,1
DA:68,1
DA:69,1
DA:70,3
DA:71,2
DA:72,1
DA:73,1
DA:74,1
DA:75,1
DA:76,2
DA:77,34
DA:78,34
DA:79,34
DA:80,34
DA:81,34
DA:82,8
DA:83,2
DA:84,2
DA:85,1
DA:86,1
DA:87,1
DA:88,1
DA:89,8
DA:90,8
DA:91,8
DA:92,2
DA:93,2
DA:94,1
DA:95,1
DA:96,1
DA:97,1
DA:98,8
DA:99,8
DA:100,8
DA:101,2
DA:102,2
DA:103,1
DA:104,1
DA:105,1
DA:106,1
DA:107,8
DA:108,8
DA:109,8
DA:110,2
DA:111,2
DA:112,1
DA:113,2
DA:114,2
DA:115,2
DA:116,1
DA:117,1
DA:118,1
DA:119,1
DA:120,8
DA:121,8
DA:122,34
DA:123,34
DA:124,34
DA:125,1
DA:126,1
LF:126
LH:126
BRDA:6,0,0,34
BRDA:81,1,0,8
BRDA:11,2,0,3
BRDA:15,3,0,2
BRDA:20,4,0,1
BRDA:13,5,0,3
BRDA:17,6,0,2
BRDA:18,7,0,2
BRDA:26,8,0,3
BRDA:29,9,0,2
BRDA:30,10,0,1
BRDA:36,11,0,8
BRDA:40,12,0,7
BRDA:40,13,0,6
BRDA:40,14,0,3
BRDA:44,15,0,5
BRDA:49,16,0,4
BRDA:57,17,0,4
BRDA:58,18,0,1
BRDA:64,19,0,3
BRDA:67,20,0,1
BRDA:70,21,0,2
BRDA:71,22,0,1
BRDA:68,23,0,1
BRDA:82,24,0,2
BRDA:85,25,0,1
BRDA:91,26,0,2
BRDA:94,27,0,1
BRDA:100,28,0,2
BRDA:103,29,0,1
BRDA:109,30,0,2
BRDA:112,31,0,1
BRDA:116,32,0,1
BRF:33
BRH:33
end_of_record
TN:
SF:src/db/localDb.ts
FN:23,<instance_members_initializer>
FN:26,LocalDatabase
FN:30,getFilePath
FN:36,ensureDir
FN:40,getConversation
FN:54,saveConversation
FN:60,addMessage
FN:71,updateMessage
FN:81,getCursorFilePath
FN:85,readCursors
FN:97,writeCursors
FN:102,getSyncCursor
FN:107,setSyncCursor
FN:113,listChatIds
FNF:14
FNH:14
FNDA:64,<instance_members_initializer>
FNDA:64,LocalDatabase
FNDA:99,getFilePath
FNDA:60,ensureDir
FNDA:62,getConversation
FNDA:37,saveConversation
FNDA:29,addMessage
FNDA:4,updateMessage
FNDA:48,getCursorFilePath
FNDA:29,readCursors
FNDA:19,writeCursors
FNDA:10,getSyncCursor
FNDA:19,setSyncCursor
FNDA:4,listChatIds
DA:1,1
DA:2,1
DA:3,1
DA:4,1
DA:5,1
DA:6,1
DA:7,1
DA:8,1
DA:9,1
DA:10,1
DA:11,1
DA:12,1
DA:13,1
DA:14,1
DA:15,1
DA:16,1
DA:17,1
DA:18,1
DA:19,1
DA:20,1
DA:21,1
DA:22,1
DA:23,1
DA:24,64
DA:25,64
DA:26,64
DA:27,64
DA:28,64
DA:29,64
DA:30,64
DA:31,99
DA:32,99
DA:33,99
DA:34,99
DA:35,64
DA:36,64
DA:37,60
DA:38,60
DA:39,64
DA:40,64
DA:41,62
DA:42,62
DA:43,62
DA:44,28
DA:45,28
DA:46,62
DA:47,36
DA:48,34
DA:49,34
DA:50,2
DA:51,2
DA:52,62
DA:53,64
DA:54,64
DA:55,37
DA:56,37
DA:57,37
DA:58,37
DA:59,64
DA:60,64
DA:61,29
DA:62,29
DA:63,29
DA:64,1
DA:65,29
DA:66,28
DA:67,28
DA:68,29
DA:69,29
DA:70,64
DA:71,64
DA:72,4
DA:73,4
DA:74,4
DA:75,2
DA:76,2
DA:77,2
DA:78,2
DA:79,2
DA:80,64
DA:81,64
DA:82,48
DA:83,48
DA:84,64
DA:85,64
DA:86,29
DA:87,29
DA:88,10
DA:89,29
DA:90,19
DA:91,19
DA:92,19
DA:93,0
DA:94,0
DA:95,29
DA:96,64
DA:97,64
DA:98,19
DA:99,19
DA:100,19
DA:101,64
DA:102,64
DA:103,10
DA:104,10
DA:105,10
DA:106,64
DA:107,64
DA:108,19
DA:109,19
DA:110,19
DA:111,19
DA:112,64
DA:113,64
DA:114,4
DA:115,4
DA:116,4
DA:117,4
DA:118,4
DA:119,4
DA:120,64
LF:120
LH:118
BRDA:23,0,0,64
BRDA:26,1,0,64
BRDA:30,2,0,99
BRDA:36,3,0,60
BRDA:40,4,0,62
BRDA:44,5,0,28
BRDA:46,6,0,36
BRDA:47,7,0,34
BRDA:50,8,0,2
BRDA:54,9,0,37
BRDA:60,10,0,29
BRDA:63,11,0,1
BRDA:65,12,0,28
BRDA:62,13,0,47
BRDA:71,14,0,4
BRDA:74,15,0,2
BRDA:73,16,0,2
BRDA:81,17,0,48
BRDA:85,18,0,29
BRDA:88,19,0,10
BRDA:89,20,0,19
BRDA:93,21,0,0
BRDA:97,22,0,19
BRDA:102,23,0,10
BRDA:104,24,0,4
BRDA:107,25,0,19
BRDA:113,26,0,4
BRDA:117,27,0,6
BRDA:118,28,0,5
BRF:29
BRH:28
end_of_record
TN:
SF:src/llm/deepseek.ts
FN:39,<instance_members_initializer>
FN:43,DeepSeekClient
FN:49,post
FN:83,getResponseFromHistory
FN:90,getResponseWithSystem
FN:98,ask
FN:102,analyzeImage
FN:110,generateWhatsAppDraft
FN:144,getDeepSeekClient
FNF:9
FNH:9
FNDA:14,<instance_members_initializer>
FNDA:14,DeepSeekClient
FNDA:10,post
FNDA:1,getResponseFromHistory
FNDA:1,getResponseWithSystem
FNDA:6,ask
FNDA:1,analyzeImage
FNDA:2,generateWhatsAppDraft
FNDA:3,getDeepSeekClient
DA:1,1
DA:2,1
DA:3,1
DA:4,1
DA:5,1
DA:6,1
DA:7,1
DA:8,1
DA:9,1
DA:10,1
DA:11,1
DA:12,1
DA:13,1
DA:14,1
DA:15,1
DA:16,1
DA:17,1
DA:18,1
DA:19,1
DA:20,1
DA:21,1
DA:22,1
DA:23,1
DA:24,1
DA:25,1
DA:26,1
DA:27,1
DA:28,1
DA:29,1
DA:30,1
DA:31,1
DA:32,1
DA:33,1
DA:34,1
DA:35,1
DA:36,1
DA:37,1
DA:38,1
DA:39,1
DA:40,14
DA:41,14
DA:42,14
DA:43,14
DA:44,14
DA:45,13
DA:46,13
DA:47,13
DA:48,14
DA:49,14
DA:50,10
DA:51,10
DA:52,10
DA:53,10
DA:54,10
DA:55,10
DA:56,10
DA:57,10
DA:58,10
DA:59,10
DA:60,10
DA:61,10
DA:62,10
DA:63,10
DA:64,10
DA:65,10
DA:66,10
DA:67,10
DA:68,10
DA:69,10
DA:70,10
DA:71,10
DA:72,4
DA:73,4
DA:74,4
DA:75,2
DA:76,2
DA:77,6
DA:78,10
DA:79,10
DA:80,5
DA:81,5
DA:82,14
DA:83,14
DA:84,1
DA:85,1
DA:86,1
DA:87,1
DA:88,1
DA:89,14
DA:90,14
DA:91,1
DA:92,1
DA:93,1
DA:94,1
DA:95,1
DA:96,1
DA:97,14
DA:98,14
DA:99,6
DA:100,6
DA:101,14
DA:102,14
DA:103,1
DA:104,1
DA:105,1
DA:106,1
DA:107,1
DA:108,1
DA:109,14
DA:110,14
DA:111,2
DA:112,2
DA:113,2
DA:114,2
DA:115,2
DA:116,2
DA:117,2
DA:118,2
DA:119,2
DA:120,2
DA:121,2
DA:122,2
DA:123,2
DA:124,2
DA:125,2
DA:126,2
DA:127,2
DA:128,2
DA:129,2
DA:130,2
DA:131,2
DA:132,2
DA:133,2
DA:134,2
DA:135,2
DA:136,2
DA:137,2
DA:138,2
DA:139,2
DA:140,14
DA:141,1
DA:142,1
DA:143,1
DA:144,3
DA:145,3
DA:146,2
DA:147,2
DA:148,1
DA:149,1
DA:150,2
DA:151,2
DA:152,1
DA:153,1
LF:153
LH:153
BRDA:39,0,0,14
BRDA:43,1,0,14
BRDA:44,2,0,1
BRDA:45,3,0,13
BRDA:49,4,0,10
BRDA:54,5,0,3
BRDA:54,6,0,8
BRDA:56,7,0,3
BRDA:56,8,0,8
BRDA:57,9,0,3
BRDA:57,10,0,8
BRDA:71,11,0,4
BRDA:72,12,0,3
BRDA:72,13,0,1
BRDA:73,14,0,1
BRDA:74,15,0,3
BRDA:74,16,0,1
BRDA:75,17,0,2
BRDA:77,18,0,6
BRDA:78,19,0,5
BRDA:79,20,0,1
BRDA:80,21,0,5
BRDA:83,22,0,1
BRDA:90,23,0,1
BRDA:98,24,0,6
BRDA:102,25,0,1
BRDA:110,26,0,2
BRDA:115,27,0,1
BRDA:131,28,0,1
BRDA:131,29,0,1
BRDA:132,30,0,1
BRDA:132,31,0,1
BRDA:144,32,0,3
BRDA:145,33,0,2
BRDA:147,34,0,1
BRF:35
BRH:35
end_of_record
TN:
SF:src/llm/gemini.ts
FN:35,<instance_members_initializer>
FN:39,GeminiClient
FN:45,post
FN:86,toGeminiContents
FN:104,getResponseFromHistory
FN:112,getResponseWithSystem
FN:124,ask
FN:128,analyzeImage
FN:150,generateWhatsAppDraft
FN:184,getGeminiClient
FNF:10
FNH:10
FNDA:15,<instance_members_initializer>
FNDA:15,GeminiClient
FNDA:12,post
FNDA:1,toGeminiContents
FNDA:1,getResponseFromHistory
FNDA:1,getResponseWithSystem
FNDA:7,ask
FNDA:1,analyzeImage
FNDA:2,generateWhatsAppDraft
FNDA:3,getGeminiClient
DA:1,1
DA:2,1
DA:3,1
DA:4,1
DA:5,1
DA:6,1
DA:7,1
DA:8,1
DA:9,1
DA:10,1
DA:11,1
DA:12,1
DA:13,1
DA:14,1
DA:15,1
DA:16,1
DA:17,1
DA:18,1
DA:19,1
DA:20,1
DA:21,1
DA:22,1
DA:23,1
DA:24,1
DA:25,1
DA:26,1
DA:27,1
DA:28,1
DA:29,1
DA:30,1
DA:31,1
DA:32,1
DA:33,1
DA:34,1
DA:35,1
DA:36,15
DA:37,15
DA:38,15
DA:39,15
DA:40,15
DA:41,14
DA:42,14
DA:43,14
DA:44,15
DA:45,15
DA:46,12
DA:47,12
DA:48,12
DA:49,12
DA:50,12
DA:51,12
DA:52,12
DA:53,12
DA:54,12
DA:55,12
DA:56,12
DA:57,12
DA:58,12
DA:59,4
DA:60,4
DA:61,12
DA:62,12
DA:63,12
DA:64,12
DA:65,12
DA:66,12
DA:67,12
DA:68,12
DA:69,12
DA:70,12
DA:71,12
DA:72,12
DA:73,12
DA:74,5
DA:75,5
DA:76,5
DA:77,5
DA:78,2
DA:79,2
DA:80,7
DA:81,12
DA:82,12
DA:83,6
DA:84,6
DA:85,15
DA:86,15
DA:87,1
DA:88,1
DA:89,1
DA:90,1
DA:91,1
DA:92,3
DA:93,1
DA:94,3
DA:95,2
DA:96,2
DA:97,2
DA:98,2
DA:99,2
DA:100,3
DA:101,1
DA:102,1
DA:103,15
DA:104,15
DA:105,1
DA:106,1
DA:107,1
DA:108,1
DA:109,1
DA:110,1
DA:111,15
DA:112,15
DA:113,1
DA:114,1
DA:115,1
DA:116,1
DA:117,1
DA:118,2
DA:119,2
DA:120,1
DA:121,1
DA:122,1
DA:123,15
DA:124,15
DA:125,7
DA:126,7
DA:127,15
DA:128,15
DA:129,1
DA:130,1
DA:131,1
DA:132,1
DA:133,1
DA:134,1
DA:135,1
DA:136,1
DA:137,1
DA:138,1
DA:139,1
DA:140,1
DA:141,1
DA:142,1
DA:143,1
DA:144,1
DA:145,1
DA:146,1
DA:147,1
DA:148,1
DA:149,15
DA:150,15
DA:151,2
DA:152,2
DA:153,2
DA:154,2
DA:155,2
DA:156,2
DA:157,2
DA:158,2
DA:159,2
DA:160,2
DA:161,2
DA:162,2
DA:163,2
DA:164,2
DA:165,2
DA:166,2
DA:167,2
DA:168,2
DA:169,2
DA:170,2
DA:171,2
DA:172,2
DA:173,2
DA:174,2
DA:175,2
DA:176,2
DA:177,2
DA:178,2
DA:179,2
DA:180,15
DA:181,1
DA:182,1
DA:183,1
DA:184,3
DA:185,3
DA:186,2
DA:187,2
DA:188,1
DA:189,1
DA:190,2
DA:191,2
DA:192,1
DA:193,1
LF:193
LH:193
BRDA:35,0,0,15
BRDA:39,1,0,15
BRDA:40,2,0,1
BRDA:41,3,0,14
BRDA:45,4,0,12
BRDA:53,5,0,4
BRDA:54,6,0,4
BRDA:58,7,0,4
BRDA:62,8,0,4
BRDA:62,9,0,10
BRDA:73,10,0,5
BRDA:74,11,0,4
BRDA:74,12,0,1
BRDA:75,13,0,1
BRDA:76,14,0,4
BRDA:76,15,0,1
BRDA:77,16,0,3
BRDA:77,17,0,1
BRDA:78,18,0,2
BRDA:80,19,0,7
BRDA:81,20,0,6
BRDA:82,21,0,1
BRDA:83,22,0,6
BRDA:86,23,0,1
BRDA:91,24,0,3
BRDA:92,25,0,1
BRDA:94,26,0,2
BRDA:96,27,0,1
BRDA:96,28,0,1
BRDA:104,29,0,1
BRDA:112,30,0,1
BRDA:117,31,0,2
BRDA:118,32,0,1
BRDA:118,33,0,1
BRDA:124,34,0,7
BRDA:128,35,0,1
BRDA:150,36,0,2
BRDA:155,37,0,1
BRDA:172,38,0,1
BRDA:172,39,0,1
BRDA:173,40,0,1
BRDA:173,41,0,1
BRDA:184,42,0,3
BRDA:185,43,0,2
BRDA:187,44,0,1
BRF:45
BRH:45
end_of_record
TN:
SF:src/llm/groq.ts
FN:43,<instance_members_initializer>
FN:47,GroqClient
FN:53,post
FN:87,getResponseFromHistory
FN:94,getResponseWithSystem
FN:102,ask
FN:106,analyzeImage
FN:153,generateWhatsAppDraft
FN:187,getGroqClient
FNF:9
FNH:9
FNDA:17,<instance_members_initializer>
FNDA:17,GroqClient
FNDA:10,post
FNDA:1,getResponseFromHistory
FNDA:1,getResponseWithSystem
FNDA:6,ask
FNDA:4,analyzeImage
FNDA:2,generateWhatsAppDraft
FNDA:3,getGroqClient
DA:1,1
DA:2,1
DA:3,1
DA:4,1
DA:5,1
DA:6,1
DA:7,1
DA:8,1
DA:9,1
DA:10,1
DA:11,1
DA:12,1
DA:13,1
DA:14,1
DA:15,1
DA:16,1
DA:17,1
DA:18,1
DA:19,1
DA:20,1
DA:21,1
DA:22,1
DA:23,1
DA:24,1
DA:25,1
DA:26,1
DA:27,1
DA:28,1
DA:29,1
DA:30,1
DA:31,1
DA:32,1
DA:33,1
DA:34,1
DA:35,1
DA:36,1
DA:37,1
DA:38,1
DA:39,1
DA:40,1
DA:41,1
DA:42,1
DA:43,1
DA:44,17
DA:45,17
DA:46,17
DA:47,17
DA:48,17
DA:49,16
DA:50,16
DA:51,16
DA:52,17
DA:53,17
DA:54,10
DA:55,10
DA:56,10
DA:57,10
DA:58,10
DA:59,10
DA:60,10
DA:61,10
DA:62,10
DA:63,10
DA:64,10
DA:65,10
DA:66,10
DA:67,10
DA:68,10
DA:69,10
DA:70,10
DA:71,10
DA:72,10
DA:73,10
DA:74,10
DA:75,10
DA:76,4
DA:77,4
DA:78,4
DA:79,2
DA:80,2
DA:81,6
DA:82,10
DA:83,10
DA:84,5
DA:85,5
DA:86,17
DA:87,17
DA:88,1
DA:89,1
DA:90,1
DA:91,1
DA:92,1
DA:93,17
DA:94,17
DA:95,1
DA:96,1
DA:97,1
DA:98,1
DA:99,1
DA:100,1
DA:101,17
DA:102,17
DA:103,6
DA:104,6
DA:105,17
DA:106,17
DA:107,4
DA:108,4
DA:109,4
DA:110,4
DA:111,4
DA:112,4
DA:113,4
DA:114,4
DA:115,4
DA:116,4
DA:117,4
DA:118,4
DA:119,4
DA:120,4
DA:121,4
DA:122,4
DA:123,4
DA:124,4
DA:125,4
DA:126,4
DA:127,4
DA:128,4
DA:129,4
DA:130,4
DA:131,4
DA:132,4
DA:133,4
DA:134,4
DA:135,4
DA:136,4
DA:137,4
DA:138,4
DA:139,4
DA:140,4
DA:141,4
DA:142,4
DA:143,2
DA:144,2
DA:145,4
DA:146,4
DA:147,1
DA:148,1
DA:149,1
DA:150,1
DA:151,1
DA:152,17
DA:153,17
DA:154,2
DA:155,2
DA:156,2
DA:157,2
DA:158,2
DA:159,2
DA:160,2
DA:161,2
DA:162,2
DA:163,2
DA:164,2
DA:165,2
DA:166,2
DA:167,2
DA:168,2
DA:169,2
DA:170,2
DA:171,2
DA:172,2
DA:173,2
DA:174,2
DA:175,2
DA:176,2
DA:177,2
DA:178,2
DA:179,2
DA:180,2
DA:181,2
DA:182,2
DA:183,17
DA:184,1
DA:185,1
DA:186,1
DA:187,3
DA:188,3
DA:189,2
DA:190,2
DA:191,1
DA:192,1
DA:193,2
DA:194,2
DA:195,1
DA:196,1
LF:196
LH:196
BRDA:43,0,0,17
BRDA:47,1,0,17
BRDA:48,2,0,1
BRDA:49,3,0,16
BRDA:53,4,0,10
BRDA:58,5,0,3
BRDA:58,6,0,8
BRDA:60,7,0,3
BRDA:60,8,0,8
BRDA:61,9,0,3
BRDA:61,10,0,8
BRDA:75,11,0,4
BRDA:76,12,0,3
BRDA:76,13,0,1
BRDA:77,14,0,1
BRDA:78,15,0,3
BRDA:78,16,0,1
BRDA:79,17,0,2
BRDA:81,18,0,6
BRDA:82,19,0,5
BRDA:83,20,0,1
BRDA:84,21,0,5
BRDA:87,22,0,1
BRDA:94,23,0,1
BRDA:102,24,0,6
BRDA:106,25,0,4
BRDA:142,26,0,2
BRDA:143,27,0,1
BRDA:143,28,0,1
BRDA:145,29,0,1
BRDA:146,30,0,1
BRDA:153,31,0,2
BRDA:158,32,0,1
BRDA:174,33,0,1
BRDA:174,34,0,1
BRDA:175,35,0,1
BRDA:175,36,0,1
BRDA:187,37,0,3
BRDA:188,38,0,2
BRDA:190,39,0,1
BRF:40
BRH:40
end_of_record
TN:
SF:src/llm/index.ts
FN:15,getLLMClient
FNF:1
FNH:1
FNDA:5,getLLMClient
DA:1,1
DA:2,1
DA:3,1
DA:4,1
DA:5,1
DA:6,1
DA:7,1
DA:8,1
DA:9,1
DA:10,1
DA:11,1
DA:12,1
DA:13,1
DA:14,1
DA:15,5
DA:16,5
DA:17,5
DA:18,5
DA:19,5
DA:20,5
DA:21,5
DA:22,5
DA:23,5
DA:24,5
LF:24
LH:24
BRDA:15,0,0,5
BRDA:16,1,0,4
BRDA:16,2,0,1
BRDA:19,3,0,1
BRDA:20,4,0,1
BRDA:21,5,0,2
BRDA:22,6,0,3
BRF:7
BRH:7
end_of_record
TN:
SF:src/llm/utils.ts
FN:5,buildConversationText
FN:38,parsePartsResponse
FN:39,toStringArray
FNF:3
FNH:3
FNDA:12,buildConversationText
FNDA:19,parsePartsResponse
FNDA:18,toStringArray
DA:1,1
DA:2,1
DA:3,1
DA:4,1
DA:5,12
DA:6,12
DA:7,12
DA:8,12
DA:9,12
DA:10,16
DA:11,16
DA:12,16
DA:13,16
DA:14,16
DA:15,16
DA:16,16
DA:17,5
DA:18,5
DA:19,2
DA:20,2
DA:21,5
DA:22,1
DA:23,1
DA:24,1
DA:25,2
DA:26,2
DA:27,11
DA:28,11
DA:29,16
DA:30,2
DA:31,2
DA:32,9
DA:33,9
DA:34,12
DA:35,12
DA:36,12
DA:37,1
DA:38,19
DA:39,19
DA:40,18
DA:41,14
DA:42,14
DA:43,14
DA:44,4
DA:45,19
DA:46,19
DA:47,19
DA:48,19
DA:49,19
DA:50,19
DA:51,19
DA:52,19
DA:53,19
DA:54,19
DA:55,19
DA:56,19
DA:57,1
DA:58,1
DA:59,1
DA:60,1
DA:61,19
DA:62,8
DA:63,8
DA:64,13
DA:65,4
DA:66,4
DA:67,4
DA:68,4
DA:69,4
DA:70,7
DA:71,13
DA:72,4
DA:73,4
DA:74,4
DA:75,6
DA:76,6
DA:77,6
LF:77
LH:77
BRDA:5,0,0,12
BRDA:9,1,0,16
BRDA:10,2,0,3
BRDA:10,3,0,13
BRDA:11,4,0,4
BRDA:13,5,0,8
BRDA:16,6,0,13
BRDA:16,7,0,5
BRDA:17,8,0,2
BRDA:17,9,0,3
BRDA:18,10,0,2
BRDA:21,11,0,3
BRDA:21,12,0,1
BRDA:25,13,0,2
BRDA:27,14,0,11
BRDA:29,15,0,2
BRDA:30,16,0,1
BRDA:30,17,0,1
BRDA:32,18,0,9
BRDA:38,19,0,19
BRDA:55,20,0,10
BRDA:56,21,0,4
BRDA:56,22,0,1
BRDA:61,23,0,13
BRDA:61,24,0,5
BRDA:62,25,0,8
BRDA:64,26,0,4
BRDA:67,27,0,1
BRDA:68,28,0,1
BRDA:70,29,0,7
BRDA:71,30,0,4
BRDA:73,31,0,1
BRDA:75,32,0,6
BRDA:39,33,0,18
BRDA:40,34,0,16
BRDA:40,35,0,16
BRDA:40,36,0,14
BRDA:42,37,0,12
BRDA:42,38,0,2
BRDA:44,39,0,4
BRDA:40,40,0,25
BRDA:41,41,0,23
BRDA:72,42,0,6
BRF:43
BRH:43
end_of_record
TN:
SF:src/messaging/messageProcessor.ts
FN:20,<instance_members_initializer>
FN:24,MessageProcessor
FN:29,processIncomingMessage
FNF:3
FNH:3
FNDA:7,<instance_members_initializer>
FNDA:7,MessageProcessor
FNDA:8,processIncomingMessage
DA:1,1
DA:2,1
DA:3,1
DA:4,1
DA:5,1
DA:6,1
DA:7,1
DA:8,1
DA:9,1
DA:10,1
DA:11,1
DA:12,1
DA:13,1
DA:14,1
DA:15,1
DA:16,1
DA:17,1
DA:18,1
DA:19,1
DA:20,1
DA:21,7
DA:22,7
DA:23,7
DA:24,7
DA:25,7
DA:26,7
DA:27,7
DA:28,7
DA:29,7
DA:30,8
DA:31,8
DA:32,8
DA:33,8
DA:34,8
DA:35,7
DA:36,7
DA:37,7
DA:38,7
DA:39,3
DA:40,3
DA:41,3
DA:42,1
DA:43,1
DA:44,1
DA:45,1
DA:46,1
DA:47,3
DA:48,1
DA:49,1
DA:50,1
DA:51,7
DA:52,3
DA:53,3
DA:54,3
DA:55,3
DA:56,3
DA:57,3
DA:58,3
DA:59,2
DA:60,3
DA:61,1
DA:62,1
DA:63,1
DA:64,3
DA:65,7
DA:66,8
DA:67,8
DA:68,8
DA:69,8
DA:70,8
DA:71,8
DA:72,8
DA:73,8
DA:74,8
DA:75,8
DA:76,8
DA:77,8
DA:78,8
DA:79,8
DA:80,8
DA:81,7
LF:81
LH:81
BRDA:20,0,0,7
BRDA:24,1,0,7
BRDA:29,2,0,8
BRDA:34,3,0,7
BRDA:38,4,0,5
BRDA:38,5,0,3
BRDA:41,6,0,2
BRDA:41,7,0,1
BRDA:47,8,0,1
BRDA:51,9,0,4
BRDA:51,10,0,3
BRDA:51,11,0,2
BRDA:51,12,0,3
BRDA:59,13,0,2
BRDA:60,14,0,1
BRF:15
BRH:15
end_of_record
TN:
SF:src/sync/syncEngine.ts
FN:8,<instance_members_initializer>
FN:13,SyncEngine
FN:19,syncChat
FN:74,syncAll
FN:87,getSyncState
FN:98,processOneMessage
FNF:6
FNH:6
FNDA:16,<instance_members_initializer>
FNDA:16,SyncEngine
FNDA:15,syncChat
FNDA:1,syncAll
FNDA:2,getSyncState
FNDA:147,processOneMessage
DA:1,1
DA:2,1
DA:3,1
DA:4,1
DA:5,1
DA:6,1
DA:7,1
DA:8,1
DA:9,16
DA:10,16
DA:11,16
DA:12,16
DA:13,16
DA:14,16
DA:15,16
DA:16,16
DA:17,16
DA:18,16
DA:19,16
DA:20,15
DA:21,15
DA:22,15
DA:23,15
DA:24,15
DA:25,15
DA:26,15
DA:27,15
DA:28,15
DA:29,17
DA:30,17
DA:31,17
DA:32,17
DA:33,1
DA:34,1
DA:35,16
DA:36,16
DA:37,17
DA:38,14
DA:39,14
DA:40,16
DA:41,16
DA:42,16
DA:43,17
DA:44,3
DA:45,3
DA:46,13
DA:47,13
DA:48,17
DA:49,147
DA:50,147
DA:51,147
DA:52,13
DA:53,17
DA:54,11
DA:55,11
DA:56,2
DA:57,2
DA:58,2
DA:59,17
DA:60,15
DA:61,12
DA:62,12
DA:63,12
DA:64,12
DA:65,12
DA:66,15
DA:67,15
DA:68,15
DA:69,15
DA:70,15
DA:71,15
DA:72,15
DA:73,16
DA:74,16
DA:75,1
DA:76,1
DA:77,1
DA:78,1
DA:79,2
DA:80,2
DA:81,2
DA:82,2
DA:83,1
DA:84,1
DA:85,1
DA:86,16
DA:87,16
DA:88,2
DA:89,2
DA:90,2
DA:91,2
DA:92,2
DA:93,2
DA:94,2
DA:95,2
DA:96,2
DA:97,16
DA:98,16
DA:99,147
DA:100,147
DA:101,147
DA:102,147
DA:103,147
DA:104,147
DA:105,147
DA:106,147
DA:107,147
DA:108,147
DA:109,147
DA:110,147
DA:111,147
DA:112,1
DA:113,1
DA:114,1
DA:115,1
DA:116,1
DA:117,1
DA:118,1
DA:119,1
DA:120,147
DA:121,147
DA:122,147
DA:123,16
LF:123
LH:123
BRDA:8,0,0,16
BRDA:13,1,0,16
BRDA:19,2,0,15
BRDA:28,3,0,17
BRDA:32,4,0,1
BRDA:35,5,0,16
BRDA:37,6,0,14
BRDA:37,7,0,14
BRDA:40,8,0,16
BRDA:43,9,0,3
BRDA:46,10,0,13
BRDA:48,11,0,147
BRDA:52,12,0,13
BRDA:53,13,0,11
BRDA:56,14,0,2
BRDA:60,15,0,12
BRDA:60,16,0,12
BRDA:21,17,0,13
BRDA:41,18,0,160
BRDA:74,19,0,1
BRDA:78,20,0,2
BRDA:79,21,0,0
BRDA:79,22,0,0
BRDA:87,23,0,2
BRDA:98,24,0,147
BRDA:99,25,0,1
BRDA:99,26,0,146
BRDA:111,27,0,1
BRF:28
BRH:26
end_of_record
TN:
SF:src/sync/types.ts
FN:1,(empty-report)
FNF:1
FNH:0
FNDA:0,(empty-report)
DA:1,0
DA:2,0
DA:3,0
DA:4,0
DA:5,0
DA:6,0
DA:7,0
DA:8,0
DA:9,0
DA:10,0
DA:11,0
DA:12,0
DA:13,0
DA:14,0
DA:15,0
DA:16,0
DA:17,0
DA:18,0
DA:19,0
DA:20,0
DA:21,0
DA:22,0
DA:23,0
DA:24,0
DA:25,0
DA:26,0
DA:27,0
DA:28,0
DA:29,0
DA:30,0
DA:31,0
DA:32,0
DA:33,0
DA:34,0
DA:35,0
DA:36,0
DA:37,0
LF:37
LH:0
BRDA:1,0,0,0
BRF:1
BRH:0
end_of_record
TN:
SF:src/sync/whatsappClient.ts
FN:11,<instance_members_initializer>
FN:15,connect
FN:53,destroy
FN:61,isReady
FN:65,getChats
FN:72,fetchMessages
FN:94,downloadMedia
FN:128,normalizeChatId
FNF:8
FNH:7
FNDA:11,<instance_members_initializer>
FNDA:5,connect
FNDA:1,destroy
FNDA:3,isReady
FNDA:0,getChats
FNDA:2,fetchMessages
FNDA:3,downloadMedia
FNDA:6,normalizeChatId
DA:1,1
DA:2,1
DA:3,1
DA:4,1
DA:5,1
DA:6,1
DA:7,1
DA:8,1
DA:9,1
DA:10,1
DA:11,1
DA:12,11
DA:13,11
DA:14,11
DA:15,11
DA:16,5
DA:17,5
DA:18,5
DA:19,5
DA:20,5
DA:21,5
DA:22,5
DA:23,5
DA:24,5
DA:25,5
DA:26,5
DA:27,5
DA:28,5
DA:29,5
DA:30,5
DA:31,5
DA:32,5
DA:33,0
DA:34,0
DA:35,5
DA:36,5
DA:37,5
DA:38,0
DA:39,0
DA:40,0
DA:41,0
DA:42,0
DA:43,0
DA:44,0
DA:45,0
DA:46,0
DA:47,5
DA:48,5
DA:49,5
DA:50,5
DA:51,5
DA:52,11
DA:53,11
DA:54,1
DA:55,1
DA:56,1
DA:57,1
DA:58,1
DA:59,1
DA:60,11
DA:61,11
DA:62,3
DA:63,3
DA:64,11
DA:65,11
DA:66,0
DA:67,0
DA:68,0
DA:69,0
DA:70,0
DA:71,11
DA:72,11
DA:73,2
DA:74,1
DA:75,1
DA:76,1
DA:77,1
DA:78,1
DA:79,1
DA:80,1
DA:81,1
DA:82,1
DA:83,1
DA:84,1
DA:85,1
DA:86,1
DA:87,1
DA:88,1
DA:89,1
DA:90,1
DA:91,1
DA:92,1
DA:93,11
DA:94,11
DA:95,3
DA:96,3
DA:97,3
DA:98,3
DA:99,1
DA:100,1
DA:101,2
DA:102,2
DA:103,2
DA:104,2
DA:105,2
DA:106,2
DA:107,2
DA:108,2
DA:109,2
DA:110,2
DA:111,1
DA:112,1
DA:113,1
DA:114,1
DA:115,1
DA:116,1
DA:117,1
DA:118,1
DA:119,1
DA:120,1
DA:121,1
DA:122,1
DA:123,2
DA:124,1
DA:125,1
DA:126,1
DA:127,11
DA:128,11
DA:129,6
DA:130,2
DA:131,2
DA:132,4
DA:133,4
DA:134,4
DA:135,11
LF:135
LH:119
BRDA:11,0,0,11
BRDA:15,1,0,5
BRDA:25,2,0,5
BRDA:26,3,0,5
BRDA:53,4,0,1
BRDA:61,5,0,3
BRDA:72,6,0,2
BRDA:73,7,0,1
BRDA:81,8,0,1
BRDA:84,9,0,0
BRDA:85,10,0,0
BRDA:86,11,0,0
BRDA:87,12,0,0
BRDA:88,13,0,0
BRDA:89,14,0,0
BRDA:94,15,0,3
BRDA:98,16,0,1
BRDA:101,17,0,2
BRDA:110,18,0,1
BRDA:124,19,0,1
BRDA:108,20,0,2
BRDA:128,21,0,6
BRDA:129,22,0,2
BRDA:132,23,0,4
BRF:24
BRH:18
end_of_record
TN:
SF:src/transcription/deepgram.ts
FN:19,transcribeAudio
FNF:1
FNH:1
FNDA:5,transcribeAudio
DA:1,1
DA:2,1
DA:3,1
DA:4,1
DA:5,1
DA:6,1
DA:7,1
DA:8,1
DA:9,1
DA:10,1
DA:11,1
DA:12,1
DA:13,1
DA:14,1
DA:15,1
DA:16,1
DA:17,1
DA:18,1
DA:19,1
DA:20,5
DA:21,5
DA:22,5
DA:23,5
DA:24,5
DA:25,1
DA:26,1
DA:27,1
DA:28,4
DA:29,4
DA:30,4
DA:31,4
DA:32,4
DA:33,4
DA:34,4
DA:35,4
DA:36,4
DA:37,4
DA:38,4
DA:39,4
DA:40,4
DA:41,4
DA:42,4
DA:43,4
DA:44,4
DA:45,4
DA:46,4
DA:47,4
DA:48,4
DA:49,4
DA:50,4
DA:51,5
DA:52,1
DA:53,1
DA:54,1
DA:55,1
DA:56,3
DA:57,3
DA:58,5
DA:59,5
DA:60,5
DA:61,1
DA:62,1
DA:63,1
DA:64,2
DA:65,5
DA:66,5
DA:67,5
LF:67
LH:67
BRDA:19,0,0,5
BRDA:24,1,0,1
BRDA:28,2,0,4
BRDA:51,3,0,1
BRDA:56,4,0,3
BRDA:58,5,0,2
BRDA:60,6,0,1
BRDA:64,7,0,2
BRDA:65,8,0,1
BRDA:65,9,0,1
BRF:10
BRH:10
end_of_record
